<?xml version="1.0" encoding="UTF-8"?>
<testng-results ignored="0" total="14" passed="11" failed="3" skipped="0">
  <reporter-output>
    <line>
      <![CDATA[Test case failed]]>
    </line>
    <line>
      <![CDATA[Please see attached screenshot:]]>
    </line>
    <line>
      <![CDATA[<a href="E:\batch269API\org.magnitia9.BDD5-cricbuzUIandAPIE2ETestNG-DI\target\31-May-2025-09-50-20-582.png"><img src="E:\batch269API\org.magnitia9.BDD5-cricbuzUIandAPIE2ETestNG-DI\target\31-May-2025-09-50-20-582.png" height="100" width="100"/></a>]]>
    </line>
  </reporter-output>
  <suite started-at="2025-05-31T09:50:10 IST" name="Parallel test suite" finished-at="2025-05-31T09:51:00 IST" duration-ms="50086">
    <groups>
      <group name="cucumber">
        <method signature="AbstractTestNGCucumberTests.runScenario(io.cucumber.testng.PickleWrapper,io.cucumber.testng.FeatureWrapper)[pri:0, instance:tests.Runner6ForFeature1@52f27fbd]" name="runScenario" class="io.cucumber.testng.AbstractTestNGCucumberTests"/>
        <method signature="AbstractTestNGCucumberTests.runScenario(io.cucumber.testng.PickleWrapper,io.cucumber.testng.FeatureWrapper)[pri:0, instance:tests.Runner6ForFeature2@70cf32e3]" name="runScenario" class="io.cucumber.testng.AbstractTestNGCucumberTests"/>
        <method signature="AbstractTestNGCucumberTests.runScenario(io.cucumber.testng.PickleWrapper,io.cucumber.testng.FeatureWrapper)[pri:0, instance:tests.Runner6ForFeature3@5a59ca5e]" name="runScenario" class="io.cucumber.testng.AbstractTestNGCucumberTests"/>
      </group> <!-- cucumber -->
    </groups>
    <test started-at="2025-05-31T09:50:10 IST" name="Features parallel" finished-at="2025-05-31T09:51:00 IST" duration-ms="50086">
      <class name="tests.Runner6ForFeature2">
        <test-method is-config="true" signature="setUpClass(org.testng.ITestContext)[pri:0, instance:tests.Runner6ForFeature2@70cf32e3]" started-at="2025-05-31T09:50:10 IST" name="setUpClass" finished-at="2025-05-31T09:50:11 IST" duration-ms="711" status="PASS">
          <params>
            <param index="0">
              <value>
                <![CDATA[org.testng.TestRunner@1cb346ea]]>
              </value>
            </param>
          </params>
          <reporter-output>
          </reporter-output>
        </test-method> <!-- setUpClass -->
        <test-method signature="runScenario(io.cucumber.testng.PickleWrapper,io.cucumber.testng.FeatureWrapper)[pri:0, instance:tests.Runner6ForFeature2@70cf32e3]" started-at="2025-05-31T09:50:11 IST" name="runScenario" description="Runs Cucumber Scenarios" data-provider="scenarios" finished-at="2025-05-31T09:50:21 IST" duration-ms="10453" status="PASS">
          <params>
            <param index="0">
              <value>
                <![CDATA["Total runs value testing in Data-driven approach"]]>
              </value>
            </param>
            <param index="1">
              <value>
                <![CDATA["cricbuzz E2E test for given test data in sentences"]]>
              </value>
            </param>
          </params>
          <reporter-output>
          </reporter-output>
        </test-method> <!-- runScenario -->
        <test-method signature="runScenario(io.cucumber.testng.PickleWrapper,io.cucumber.testng.FeatureWrapper)[pri:0, instance:tests.Runner6ForFeature2@70cf32e3]" started-at="2025-05-31T09:50:21 IST" name="runScenario" description="Runs Cucumber Scenarios" data-provider="scenarios" finished-at="2025-05-31T09:50:29 IST" duration-ms="7551" status="PASS">
          <params>
            <param index="0">
              <value>
                <![CDATA["Total runs value testing in Data-driven approach"]]>
              </value>
            </param>
            <param index="1">
              <value>
                <![CDATA["cricbuzz E2E test for given test data in sentences"]]>
              </value>
            </param>
          </params>
          <reporter-output>
          </reporter-output>
        </test-method> <!-- runScenario -->
        <test-method signature="runScenario(io.cucumber.testng.PickleWrapper,io.cucumber.testng.FeatureWrapper)[pri:0, instance:tests.Runner6ForFeature2@70cf32e3]" started-at="2025-05-31T09:50:29 IST" name="runScenario" description="Runs Cucumber Scenarios" data-provider="scenarios" finished-at="2025-05-31T09:50:38 IST" duration-ms="9249" status="PASS">
          <params>
            <param index="0">
              <value>
                <![CDATA["Total runs value testing in Data-driven approach"]]>
              </value>
            </param>
            <param index="1">
              <value>
                <![CDATA["cricbuzz E2E test for given test data in sentences"]]>
              </value>
            </param>
          </params>
          <reporter-output>
          </reporter-output>
        </test-method> <!-- runScenario -->
        <test-method signature="runScenario(io.cucumber.testng.PickleWrapper,io.cucumber.testng.FeatureWrapper)[pri:0, instance:tests.Runner6ForFeature2@70cf32e3]" started-at="2025-05-31T09:50:38 IST" name="runScenario" description="Runs Cucumber Scenarios" data-provider="scenarios" finished-at="2025-05-31T09:50:46 IST" duration-ms="7851" status="PASS">
          <params>
            <param index="0">
              <value>
                <![CDATA["Runs value testing in Data-driven approach"]]>
              </value>
            </param>
            <param index="1">
              <value>
                <![CDATA["cricbuzz E2E test for given test data in sentences"]]>
              </value>
            </param>
          </params>
          <reporter-output>
          </reporter-output>
        </test-method> <!-- runScenario -->
        <test-method signature="runScenario(io.cucumber.testng.PickleWrapper,io.cucumber.testng.FeatureWrapper)[pri:0, instance:tests.Runner6ForFeature2@70cf32e3]" started-at="2025-05-31T09:50:46 IST" name="runScenario" description="Runs Cucumber Scenarios" data-provider="scenarios" finished-at="2025-05-31T09:50:52 IST" duration-ms="6136" status="PASS">
          <params>
            <param index="0">
              <value>
                <![CDATA["Runs value testing in Data-driven approach"]]>
              </value>
            </param>
            <param index="1">
              <value>
                <![CDATA["cricbuzz E2E test for given test data in sentences"]]>
              </value>
            </param>
          </params>
          <reporter-output>
          </reporter-output>
        </test-method> <!-- runScenario -->
        <test-method signature="runScenario(io.cucumber.testng.PickleWrapper,io.cucumber.testng.FeatureWrapper)[pri:0, instance:tests.Runner6ForFeature2@70cf32e3]" started-at="2025-05-31T09:50:52 IST" name="runScenario" description="Runs Cucumber Scenarios" data-provider="scenarios" finished-at="2025-05-31T09:50:58 IST" duration-ms="5927" status="PASS">
          <params>
            <param index="0">
              <value>
                <![CDATA["Runs value testing in Data-driven approach"]]>
              </value>
            </param>
            <param index="1">
              <value>
                <![CDATA["cricbuzz E2E test for given test data in sentences"]]>
              </value>
            </param>
          </params>
          <reporter-output>
          </reporter-output>
        </test-method> <!-- runScenario -->
        <test-method is-config="true" signature="tearDownClass()[pri:0, instance:tests.Runner6ForFeature2@70cf32e3]" started-at="2025-05-31T09:50:58 IST" name="tearDownClass" finished-at="2025-05-31T09:50:58 IST" duration-ms="19" status="PASS">
          <reporter-output>
          </reporter-output>
        </test-method> <!-- tearDownClass -->
      </class> <!-- tests.Runner6ForFeature2 -->
      <class name="tests.Runner6ForFeature3">
        <test-method is-config="true" signature="setUpClass(org.testng.ITestContext)[pri:0, instance:tests.Runner6ForFeature3@5a59ca5e]" started-at="2025-05-31T09:50:10 IST" name="setUpClass" finished-at="2025-05-31T09:50:11 IST" duration-ms="711" status="PASS">
          <params>
            <param index="0">
              <value>
                <![CDATA[org.testng.TestRunner@1cb346ea]]>
              </value>
            </param>
          </params>
          <reporter-output>
          </reporter-output>
        </test-method> <!-- setUpClass -->
        <test-method signature="runScenario(io.cucumber.testng.PickleWrapper,io.cucumber.testng.FeatureWrapper)[pri:0, instance:tests.Runner6ForFeature3@5a59ca5e]" started-at="2025-05-31T09:50:11 IST" name="runScenario" description="Runs Cucumber Scenarios" data-provider="scenarios" finished-at="2025-05-31T09:50:25 IST" duration-ms="14101" status="PASS">
          <params>
            <param index="0">
              <value>
                <![CDATA["Total value testing using data table concept"]]>
              </value>
            </param>
            <param index="1">
              <value>
                <![CDATA["cricbuz E2E test for given test data in sentences"]]>
              </value>
            </param>
          </params>
          <reporter-output>
          </reporter-output>
        </test-method> <!-- runScenario -->
        <test-method signature="runScenario(io.cucumber.testng.PickleWrapper,io.cucumber.testng.FeatureWrapper)[pri:0, instance:tests.Runner6ForFeature3@5a59ca5e]" started-at="2025-05-31T09:50:25 IST" name="runScenario" description="Runs Cucumber Scenarios" data-provider="scenarios" finished-at="2025-05-31T09:50:34 IST" duration-ms="9140" status="PASS">
          <params>
            <param index="0">
              <value>
                <![CDATA["Total value testing with cross browser using data table and examples concept"]]>
              </value>
            </param>
            <param index="1">
              <value>
                <![CDATA["cricbuz E2E test for given test data in sentences"]]>
              </value>
            </param>
          </params>
          <reporter-output>
          </reporter-output>
        </test-method> <!-- runScenario -->
        <test-method signature="runScenario(io.cucumber.testng.PickleWrapper,io.cucumber.testng.FeatureWrapper)[pri:0, instance:tests.Runner6ForFeature3@5a59ca5e]" started-at="2025-05-31T09:50:34 IST" name="runScenario" description="Runs Cucumber Scenarios" data-provider="scenarios" finished-at="2025-05-31T09:50:57 IST" duration-ms="22897" status="FAIL">
          <params>
            <param index="0">
              <value>
                <![CDATA["Total value testing with cross browser using data table and examples concept"]]>
              </value>
            </param>
            <param index="1">
              <value>
                <![CDATA["cricbuz E2E test for given test data in sentences"]]>
              </value>
            </param>
          </params>
          <exception class="java.lang.RuntimeException">
            <message>
              <![CDATA[Invalid innings number]]>
            </message>
            <full-stacktrace>
              <![CDATA[java.lang.RuntimeException: Invalid innings number
at gluecode.StepDef3.i_launch_cricbuz_site_and_connect_to_corresponding_api2(StepDef3.java:209)
at ✽.I launch cricbuz site and connect to corresponding API to check equality of total runs(file:///E:/batch269API/org.magnitia9.BDD5-cricbuzUIandAPIE2ETestNG-DI/src/test/resources/features/feature3.feature:18)
]]>
            </full-stacktrace>
          </exception> <!-- java.lang.RuntimeException -->
          <reporter-output>
          </reporter-output>
        </test-method> <!-- runScenario -->
        <test-method signature="runScenario(io.cucumber.testng.PickleWrapper,io.cucumber.testng.FeatureWrapper)[pri:0, instance:tests.Runner6ForFeature3@5a59ca5e]" started-at="2025-05-31T09:50:57 IST" name="runScenario" description="Runs Cucumber Scenarios" data-provider="scenarios" finished-at="2025-05-31T09:51:00 IST" duration-ms="3143" status="FAIL">
          <params>
            <param index="0">
              <value>
                <![CDATA["Total value testing with cross browser using data table and examples concept"]]>
              </value>
            </param>
            <param index="1">
              <value>
                <![CDATA["cricbuz E2E test for given test data in sentences"]]>
              </value>
            </param>
          </params>
          <exception class="org.openqa.selenium.SessionNotCreatedException">
            <message>
              <![CDATA[Could not start a new session. Response code 500. Message: session not created: Microsoft Edge failed to start: crashed.
  (session not created: DevToolsActivePort file doesn't exist)
  (The process started from msedge location C:\Program Files (x86)\Microsoft\Edge\Application\msedge.exe is no longer running, so msedgedriver is assuming that msedge has crashed.) 
Host info: host: 'DESKTOP-RAPIJ62', ip: '192.168.29.73'
Build info: version: '4.14.0', revision: 'e5a96349ce'
System info: os.name: 'Windows 10', os.arch: 'amd64', os.version: '10.0', java.version: '11.0.19'
Driver info: org.openqa.selenium.edge.EdgeDriver
Command: [null, newSession {capabilities=[Capabilities {browserName: MicrosoftEdge, ms:edgeOptions: {args: [], binary: C:\Program Files (x86)\Micr..., extensions: []}}]}]]]>
            </message>
            <full-stacktrace>
              <![CDATA[org.openqa.selenium.SessionNotCreatedException: Could not start a new session. Response code 500. Message: session not created: Microsoft Edge failed to start: crashed.
  (session not created: DevToolsActivePort file doesn't exist)
  (The process started from msedge location C:\Program Files (x86)\Microsoft\Edge\Application\msedge.exe is no longer running, so msedgedriver is assuming that msedge has crashed.) 
Host info: host: 'DESKTOP-RAPIJ62', ip: '192.168.29.73'
Build info: version: '4.14.0', revision: 'e5a96349ce'
System info: os.name: 'Windows 10', os.arch: 'amd64', os.version: '10.0', java.version: '11.0.19'
Driver info: org.openqa.selenium.edge.EdgeDriver
Command: [null, newSession {capabilities=[Capabilities {browserName: MicrosoftEdge, ms:edgeOptions: {args: [], binary: C:\Program Files (x86)\Micr..., extensions: []}}]}]
at org.openqa.selenium.remote.ProtocolHandshake.createSession(ProtocolHandshake.java:140)
at org.openqa.selenium.remote.ProtocolHandshake.createSession(ProtocolHandshake.java:96)
at org.openqa.selenium.remote.ProtocolHandshake.createSession(ProtocolHandshake.java:68)
at org.openqa.selenium.remote.HttpCommandExecutor.execute(HttpCommandExecutor.java:163)
at org.openqa.selenium.remote.service.DriverCommandExecutor.invokeExecute(DriverCommandExecutor.java:196)
at org.openqa.selenium.remote.service.DriverCommandExecutor.execute(DriverCommandExecutor.java:171)
at org.openqa.selenium.remote.RemoteWebDriver.execute(RemoteWebDriver.java:602)
at org.openqa.selenium.remote.RemoteWebDriver.startSession(RemoteWebDriver.java:236)
at org.openqa.selenium.remote.RemoteWebDriver.<init>(RemoteWebDriver.java:163)
at org.openqa.selenium.chromium.ChromiumDriver.<init>(ChromiumDriver.java:108)
at org.openqa.selenium.edge.EdgeDriver.<init>(EdgeDriver.java:60)
at org.openqa.selenium.edge.EdgeDriver.<init>(EdgeDriver.java:56)
at org.openqa.selenium.edge.EdgeDriver.<init>(EdgeDriver.java:48)
at org.openqa.selenium.edge.EdgeDriver.<init>(EdgeDriver.java:44)
at utilities.WebSiteUtility.openBrowser(WebSiteUtility.java:46)
at gluecode.StepDef4.i_open_browser(StepDef4.java:36)
at ✽.I open "edge" browser(file:///E:/batch269API/org.magnitia9.BDD5-cricbuzUIandAPIE2ETestNG-DI/src/test/resources/features/feature3.feature:16)
]]>
            </full-stacktrace>
          </exception> <!-- org.openqa.selenium.SessionNotCreatedException -->
          <reporter-output>
          </reporter-output>
        </test-method> <!-- runScenario -->
        <test-method is-config="true" signature="tearDownClass()[pri:0, instance:tests.Runner6ForFeature3@5a59ca5e]" started-at="2025-05-31T09:51:00 IST" name="tearDownClass" finished-at="2025-05-31T09:51:00 IST" duration-ms="25" status="PASS">
          <reporter-output>
          </reporter-output>
        </test-method> <!-- tearDownClass -->
      </class> <!-- tests.Runner6ForFeature3 -->
      <class name="tests.Runner6ForFeature1">
        <test-method is-config="true" signature="setUpClass(org.testng.ITestContext)[pri:0, instance:tests.Runner6ForFeature1@52f27fbd]" started-at="2025-05-31T09:50:10 IST" name="setUpClass" finished-at="2025-05-31T09:50:11 IST" duration-ms="711" status="PASS">
          <params>
            <param index="0">
              <value>
                <![CDATA[org.testng.TestRunner@1cb346ea]]>
              </value>
            </param>
          </params>
          <reporter-output>
          </reporter-output>
        </test-method> <!-- setUpClass -->
        <test-method signature="runScenario(io.cucumber.testng.PickleWrapper,io.cucumber.testng.FeatureWrapper)[pri:0, instance:tests.Runner6ForFeature1@52f27fbd]" started-at="2025-05-31T09:50:11 IST" name="runScenario" description="Runs Cucumber Scenarios" data-provider="scenarios" finished-at="2025-05-31T09:50:26 IST" duration-ms="15955" status="FAIL">
          <params>
            <param index="0">
              <value>
                <![CDATA["Title testing"]]>
              </value>
            </param>
            <param index="1">
              <value>
                <![CDATA["cricbuz E2E test for given test data in sentences"]]>
              </value>
            </param>
          </params>
          <exception class="java.lang.AssertionError">
            <message>
              <![CDATA[null]]>
            </message>
            <full-stacktrace>
              <![CDATA[java.lang.AssertionError: null
at org.testng.Assert.fail(Assert.java:111)
at org.testng.Assert.fail(Assert.java:116)
at gluecode.StepDef1.i_should_see_in_the_title_of_scorecard_page(StepDef1.java:75)
at ✽.I should see "India vs Pakistan" in the title of scorecard page(file:///E:/batch269API/org.magnitia9.BDD5-cricbuzUIandAPIE2ETestNG-DI/src/test/resources/features/feature1.feature:8)
]]>
            </full-stacktrace>
          </exception> <!-- java.lang.AssertionError -->
          <reporter-output>
            <line>
              <![CDATA[Test case failed]]>
            </line>
            <line>
              <![CDATA[Please see attached screenshot:]]>
            </line>
            <line>
              <![CDATA[<a href="E:\batch269API\org.magnitia9.BDD5-cricbuzUIandAPIE2ETestNG-DI\target\31-May-2025-09-50-20-582.png"><img src="E:\batch269API\org.magnitia9.BDD5-cricbuzUIandAPIE2ETestNG-DI\target\31-May-2025-09-50-20-582.png" height="100" width="100"/></a>]]>
            </line>
          </reporter-output>
        </test-method> <!-- runScenario -->
        <test-method signature="runScenario(io.cucumber.testng.PickleWrapper,io.cucumber.testng.FeatureWrapper)[pri:0, instance:tests.Runner6ForFeature1@52f27fbd]" started-at="2025-05-31T09:50:26 IST" name="runScenario" description="Runs Cucumber Scenarios" data-provider="scenarios" finished-at="2025-05-31T09:50:33 IST" duration-ms="6999" status="PASS">
          <params>
            <param index="0">
              <value>
                <![CDATA["Total runs value testing, here test data in sentences as int and string types"]]>
              </value>
            </param>
            <param index="1">
              <value>
                <![CDATA["cricbuz E2E test for given test data in sentences"]]>
              </value>
            </param>
          </params>
          <reporter-output>
          </reporter-output>
        </test-method> <!-- runScenario -->
        <test-method signature="runScenario(io.cucumber.testng.PickleWrapper,io.cucumber.testng.FeatureWrapper)[pri:0, instance:tests.Runner6ForFeature1@52f27fbd]" started-at="2025-05-31T09:50:33 IST" name="runScenario" description="Runs Cucumber Scenarios" data-provider="scenarios" finished-at="2025-05-31T09:50:41 IST" duration-ms="7178" status="PASS">
          <params>
            <param index="0">
              <value>
                <![CDATA["Specific player Runs value testing, here test data in sentences as int and string types"]]>
              </value>
            </param>
            <param index="1">
              <value>
                <![CDATA["cricbuz E2E test for given test data in sentences"]]>
              </value>
            </param>
          </params>
          <reporter-output>
          </reporter-output>
        </test-method> <!-- runScenario -->
        <test-method signature="runScenario(io.cucumber.testng.PickleWrapper,io.cucumber.testng.FeatureWrapper)[pri:0, instance:tests.Runner6ForFeature1@52f27fbd]" started-at="2025-05-31T09:50:41 IST" name="runScenario" description="Runs Cucumber Scenarios" data-provider="scenarios" finished-at="2025-05-31T09:50:49 IST" duration-ms="8172" status="PASS">
          <params>
            <param index="0">
              <value>
                <![CDATA["Specific player Runs value testing using test data as Docstring in sentences"]]>
              </value>
            </param>
            <param index="1">
              <value>
                <![CDATA["cricbuz E2E test for given test data in sentences"]]>
              </value>
            </param>
          </params>
          <reporter-output>
          </reporter-output>
        </test-method> <!-- runScenario -->
        <test-method is-config="true" signature="tearDownClass()[pri:0, instance:tests.Runner6ForFeature1@52f27fbd]" started-at="2025-05-31T09:50:49 IST" name="tearDownClass" finished-at="2025-05-31T09:50:49 IST" duration-ms="85" status="PASS">
          <reporter-output>
          </reporter-output>
        </test-method> <!-- tearDownClass -->
      </class> <!-- tests.Runner6ForFeature1 -->
    </test> <!-- Features parallel -->
  </suite> <!-- Parallel test suite -->
</testng-results>
