<?xml version="1.0" encoding="UTF-8"?>
<testsuite xmlns:xsi="http://www.w3.org/2001/XMLSchema-instance" xsi:noNamespaceSchemaLocation="https://maven.apache.org/surefire/maven-surefire-plugin/xsd/surefire-test-report-3.0.xsd" version="3.0" name="TestSuite" time="50.772" tests="14" errors="0" skipped="0" failures="3">
  <properties>
[...]
</properties>
  <testcase name="runScenario[&quot;Total runs value testing in Data-driven approach&quot;, &quot;cricbuzz E2E test for given test data in sentences&quot;](1)" classname="tests.Runner6ForFeature2" time="10.455">
    <system-out><![CDATA[
Scenario: Total value testing using data table concept                                          &amp#27;[90m# src/test/resources/features/feature3.feature:3&amp#27;[0m

@smoke
Scenario Outline: Total runs value testing in Data-driven approach                                  &amp#27;[90m# src/test/resources/features/feature2.feature:17&amp#27;[0m

@smoke
Scenario: Title testing                                                                     &amp#27;[90m# src/test/resources/features/feature1.feature:4&amp#27;[0m

    Scenario:1-Total value testing using data table concept is started


    Scenario:1-Total runs value testing in Data-driven approach is started


    Scenario:1-Title testing is started


    Tags are:


    Tags are:


    Scenario:1-Total runs value testing in Data-driven approach is started with tag:@smoke


    Scenario:1-Title testing is started with tag:@smoke

  &amp#27;[32mGiven &amp#27;[0m&amp#27;[32mI open browser&amp#27;[0m                                                                          &amp#27;[90m# gluecode.StepDef1.i_open_browser()&amp#27;[0m
  &amp#27;[32mGiven &amp#27;[0m&amp#27;[32mI open browser&amp#27;[0m                                                                      &amp#27;[90m# gluecode.StepDef1.i_open_browser()&amp#27;[0m
  &amp#27;[32mGiven &amp#27;[0m&amp#27;[32mI open browser&amp#27;[0m                                                                              &amp#27;[90m# gluecode.StepDef1.i_open_browser()&amp#27;[0m
248
  &amp#27;[32mWhen &amp#27;[0m&amp#27;[32mI launch cricbuz site for &amp#27;[0m&amp#27;[32m&amp#27;[1m100312&amp#27;[0m&amp#27;[32m and &amp#27;[0m&amp#27;[32m&amp#27;[1m"ind-vs-eng-1st-odi-england-tour-of-india-2025"&amp#27;[0m         &amp#27;[90m# gluecode.StepDef1.i_launch_cricbuz_site_for_and(long,java.lang.String)&amp#27;[0m
  &amp#27;[32mAnd &amp#27;[0m&amp#27;[32mI connect to cricbuzz API with &amp#27;[0m&amp#27;[32m&amp#27;[1m100312&amp#27;[0m&amp#27;[32m matchid&amp#27;[0m                                                 &amp#27;[90m# gluecode.StepDef2.i_connect_to_cricbuzz_api_with_matchid(long)&amp#27;[0m
248
  &amp#27;[32mWhen &amp#27;[0m&amp#27;[32mI launch cricbuz site for &amp#27;[0m&amp#27;[32m&amp#27;[1m100312&amp#27;[0m&amp#27;[32m and &amp#27;[0m&amp#27;[32m&amp#27;[1m"ind-vs-eng-1st-odi-england-tour-of-india-2025"&amp#27;[0m &amp#27;[90m# gluecode.StepDef1.i_launch_cricbuz_site_for_and(long,java.lang.String)&amp#27;[0m

    Test case failed


    Embedding Screenshot of wrong title [image/png 212882 bytes]

248
Test case passed
  &amp#27;[32mThen &amp#27;[0m&amp#27;[32mI compare the total of &amp#27;[0m&amp#27;[32m&amp#27;[1m1&amp#27;[0m&amp#27;[32m innings in the response body and in the scorecard page for equality&amp#27;[0m &amp#27;[90m# gluecode.StepDef2.i_compare_the_total_for_equality(int)&amp#27;[0m
248
Test case passed
  &amp#27;[32mAnd &amp#27;[0m&amp#27;[32mI close browser&amp#27;[0m                                                                               &amp#27;[90m# gluecode.StepDef2.i_close_browser()&amp#27;[0m

    Total runs value testing in Data-driven approach is completed with status:PASSED

]]></system-out>
    <system-err><![CDATA[SLF4J: Failed to load class "org.slf4j.impl.StaticLoggerBinder".
SLF4J: Defaulting to no-operation (NOP) logger implementation
SLF4J: See http://www.slf4j.org/codes.html#StaticLoggerBinder for further details.
May 31, 2025 9:50:13 AM org.openqa.selenium.devtools.CdpVersionFinder findNearestMatch
WARNING: Unable to find CDP implementation matching 136
May 31, 2025 9:50:13 AM org.openqa.selenium.devtools.CdpVersionFinder findNearestMatch
WARNING: Unable to find CDP implementation matching 136
May 31, 2025 9:50:13 AM org.openqa.selenium.chromium.ChromiumDriver lambda$new$5
WARNING: Unable to find version of CDP to use for 136.0.7103.114. You may need to include a dependency on a specific version of the CDP using something similar to `org.seleniumhq.selenium:selenium-devtools-v86:4.14.0` where the version ("v86") matches the version of the chromium-based browser you're using and the version number of the artifact is the same as Selenium's.
May 31, 2025 9:50:13 AM org.openqa.selenium.chromium.ChromiumDriver lambda$new$5
WARNING: Unable to find version of CDP to use for 136.0.7103.114. You may need to include a dependency on a specific version of the CDP using something similar to `org.seleniumhq.selenium:selenium-devtools-v86:4.14.0` where the version ("v86") matches the version of the chromium-based browser you're using and the version number of the artifact is the same as Selenium's.
May 31, 2025 9:50:13 AM org.openqa.selenium.devtools.CdpVersionFinder findNearestMatch
WARNING: Unable to find CDP implementation matching 136
May 31, 2025 9:50:13 AM org.openqa.selenium.chromium.ChromiumDriver lambda$new$5
WARNING: Unable to find version of CDP to use for 136.0.7103.114. You may need to include a dependency on a specific version of the CDP using something similar to `org.seleniumhq.selenium:selenium-devtools-v86:4.14.0` where the version ("v86") matches the version of the chromium-based browser you're using and the version number of the artifact is the same as Selenium's.
]]></system-err>
  </testcase>
  <testcase name="runScenario[&quot;Total runs value testing in Data-driven approach&quot;, &quot;cricbuzz E2E test for given test data in sentences&quot;](2)" classname="tests.Runner6ForFeature2" time="2.051">
    <system-out><![CDATA[
@smoke
Scenario: Total runs value testing, here test data in sentences as int and string types             &amp#27;[90m# src/test/resources/features/feature1.feature:10&amp#27;[0m

    Scenario:4-Total runs value testing, here test data in sentences as int and string types is started


    Tags are:


    Scenario:4-Total runs value testing, here test data in sentences as int and string types is started with tag:@smoke

  &amp#27;[32mGiven &amp#27;[0m&amp#27;[32mI open browser&amp#27;[0m                                                                              &amp#27;[90m# gluecode.StepDef1.i_open_browser()&amp#27;[0m
  &amp#27;[32mWhen &amp#27;[0m&amp#27;[32mI launch cricbuz site for &amp#27;[0m&amp#27;[32m&amp#27;[1m112479&amp#27;[0m&amp#27;[32m and &amp#27;[0m&amp#27;[32m&amp#27;[1m"zim-vs-ire-1st-odi-ireland-tour-of-zimbabwe-2025"&amp#27;[0m      &amp#27;[90m# gluecode.StepDef1.i_launch_cricbuz_site_for_and(long,java.lang.String)&amp#27;[0m
  &amp#27;[32mAnd &amp#27;[0m&amp#27;[32mI connect to cricbuzz API with &amp#27;[0m&amp#27;[32m&amp#27;[1m112479&amp#27;[0m&amp#27;[32m matchid&amp#27;[0m                                                 &amp#27;[90m# gluecode.StepDef2.i_connect_to_cricbuzz_api_with_matchid(long)&amp#27;[0m
250
250
Test case passed
  &amp#27;[32mThen &amp#27;[0m&amp#27;[32mI compare the total of &amp#27;[0m&amp#27;[32m&amp#27;[1m2&amp#27;[0m&amp#27;[32m innings in the response body and in the scorecard page for equality&amp#27;[0m &amp#27;[90m# gluecode.StepDef2.i_compare_the_total_for_equality(int)&amp#27;[0m
  &amp#27;[32mAnd &amp#27;[0m&amp#27;[32mI close browser&amp#27;[0m                                                                               &amp#27;[90m# gluecode.StepDef2.i_close_browser()&amp#27;[0m

    Total runs value testing in Data-driven approach is completed with status:PASSED

]]></system-out>
    <system-err><![CDATA[May 31, 2025 9:50:27 AM org.openqa.selenium.devtools.CdpVersionFinder findNearestMatch
WARNING: Unable to find CDP implementation matching 136
May 31, 2025 9:50:27 AM org.openqa.selenium.chromium.ChromiumDriver lambda$new$5
WARNING: Unable to find version of CDP to use for 136.0.7103.114. You may need to include a dependency on a specific version of the CDP using something similar to `org.seleniumhq.selenium:selenium-devtools-v86:4.14.0` where the version ("v86") matches the version of the chromium-based browser you're using and the version number of the artifact is the same as Selenium's.
]]></system-err>
  </testcase>
  <testcase name="runScenario[&quot;Total runs value testing in Data-driven approach&quot;, &quot;cricbuzz E2E test for given test data in sentences&quot;](3)" classname="tests.Runner6ForFeature2" time="4.016">
    <system-out><![CDATA[
Scenario Outline: Total value testing with cross browser using data table and examples concept &amp#27;[90m# src/test/resources/features/feature3.feature:33&amp#27;[0m

    Scenario:7-Total value testing with cross browser using data table and examples concept is started

  &amp#27;[32mGiven &amp#27;[0m&amp#27;[32mI open browser&amp#27;[0m                                                                            &amp#27;[90m# gluecode.StepDef1.i_open_browser()&amp#27;[0m
  &amp#27;[32mWhen &amp#27;[0m&amp#27;[32mI launch cricbuz site for &amp#27;[0m&amp#27;[32m&amp#27;[1m91805&amp#27;[0m&amp#27;[32m and &amp#27;[0m&amp#27;[32m&amp#27;[1m"aus-vs-ind-4th-test-india-tour-of-australia-2024-25"&amp#27;[0m    &amp#27;[90m# gluecode.StepDef1.i_launch_cricbuz_site_for_and(long,java.lang.String)&amp#27;[0m
  &amp#27;[32mAnd &amp#27;[0m&amp#27;[32mI connect to cricbuzz API with &amp#27;[0m&amp#27;[32m&amp#27;[1m91805&amp#27;[0m&amp#27;[32m matchid&amp#27;[0m                                                  &amp#27;[90m# gluecode.StepDef2.i_connect_to_cricbuzz_api_with_matchid(long)&amp#27;[0m
155
155
Test case passed
  &amp#27;[32mThen &amp#27;[0m&amp#27;[32mI compare the total of &amp#27;[0m&amp#27;[32m&amp#27;[1m4&amp#27;[0m&amp#27;[32m innings in the response body and in the scorecard page for equality&amp#27;[0m &amp#27;[90m# gluecode.StepDef2.i_compare_the_total_for_equality(int)&amp#27;[0m
  &amp#27;[32mAnd &amp#27;[0m&amp#27;[32mI close browser&amp#27;[0m                                                                               &amp#27;[90m# gluecode.StepDef2.i_close_browser()&amp#27;[0m

    Total runs value testing in Data-driven approach is completed with status:PASSED

]]></system-out>
    <system-err><![CDATA[May 31, 2025 9:50:35 AM org.openqa.selenium.devtools.CdpVersionFinder findNearestMatch
WARNING: Unable to find CDP implementation matching 136
May 31, 2025 9:50:35 AM org.openqa.selenium.chromium.ChromiumDriver lambda$new$5
WARNING: Unable to find version of CDP to use for 136.0.7103.114. You may need to include a dependency on a specific version of the CDP using something similar to `org.seleniumhq.selenium:selenium-devtools-v86:4.14.0` where the version ("v86") matches the version of the chromium-based browser you're using and the version number of the artifact is the same as Selenium's.
]]></system-err>
  </testcase>
  <testcase name="runScenario[&quot;Runs value testing in Data-driven approach&quot;, &quot;cricbuzz E2E test for given test data in sentences&quot;](4)" classname="tests.Runner6ForFeature2" time="4.97">
    <system-out><![CDATA[
@smoke
Scenario: Specific player Runs value testing using test data as Docstring in sentences      &amp#27;[90m# src/test/resources/features/feature1.feature:34&amp#27;[0m

    Scenario:9-Specific player Runs value testing using test data as Docstring in sentences is started


    Tags are:


    Scenario:9-Specific player Runs value testing using test data as Docstring in sentences is started with tag:@smoke

  &amp#27;[32mGiven &amp#27;[0m&amp#27;[32mI open browser&amp#27;[0m                                                                      &amp#27;[90m# gluecode.StepDef1.i_open_browser()&amp#27;[0m
  &amp#27;[32mWhen &amp#27;[0m&amp#27;[32mI launch cricbuz site for &amp#27;[0m&amp#27;[32m&amp#27;[1m100312&amp#27;[0m&amp#27;[32m and &amp#27;[0m&amp#27;[32m&amp#27;[1m"ind-vs-eng-1st-odi-england-tour-of-india-2025"&amp#27;[0m &amp#27;[90m# gluecode.StepDef1.i_launch_cricbuz_site_for_and(long,java.lang.String)&amp#27;[0m
Runs in UI is 87
  &amp#27;[32mAnd &amp#27;[0m&amp#27;[32mget runs done by &amp#27;[0m&amp#27;[32m&amp#27;[1m"Shubman Gill"&amp#27;[0m&amp#27;[32m in &amp#27;[0m&amp#27;[32m&amp#27;[1m2&amp#27;[0m&amp#27;[32m innings from scorecard page&amp#27;[0m                      &amp#27;[90m# gluecode.StepDef2.get_runs_done_by_in_innings_from_scorecard_page(java.lang.String,int)&amp#27;[0m
  &amp#27;[32mAnd &amp#27;[0m&amp#27;[32mI connect to cricbuzz API with &amp#27;[0m&amp#27;[32m&amp#27;[1m100312&amp#27;[0m&amp#27;[32m matchid&amp#27;[0m                                         &amp#27;[90m# gluecode.StepDef2.i_connect_to_cricbuzz_api_with_matchid(long)&amp#27;[0m
Runs in API is 87
  &amp#27;[32mAnd &amp#27;[0m&amp#27;[32mget runs done by &amp#27;[0m&amp#27;[32m&amp#27;[1m"Shubman Gill"&amp#27;[0m&amp#27;[32m in &amp#27;[0m&amp#27;[32m&amp#27;[1m2&amp#27;[0m&amp#27;[32m innings from JSON response body&amp#27;[0m                  &amp#27;[90m# gluecode.StepDef3.get_runs_done_by_in_innings_from_json_response_body(java.lang.String,int)&amp#27;[0m
Test case passed
  &amp#27;[32mThen &amp#27;[0m&amp#27;[32mI compare the runs in the response body and in the scorecard page for equality&amp#27;[0m       &amp#27;[90m# gluecode.StepDef3.i_compare_the_runs_for_equality()&amp#27;[0m
  &amp#27;[32mAnd &amp#27;[0m&amp#27;[32mI close browser&amp#27;[0m                                                                       &amp#27;[90m# gluecode.StepDef2.i_close_browser()&amp#27;[0m

    Runs value testing in Data-driven approach is completed with status:PASSED

]]></system-out>
    <system-err><![CDATA[May 31, 2025 9:50:42 AM org.openqa.selenium.devtools.CdpVersionFinder findNearestMatch
WARNING: Unable to find CDP implementation matching 136
May 31, 2025 9:50:42 AM org.openqa.selenium.chromium.ChromiumDriver lambda$new$5
WARNING: Unable to find version of CDP to use for 136.0.7103.114. You may need to include a dependency on a specific version of the CDP using something similar to `org.seleniumhq.selenium:selenium-devtools-v86:4.14.0` where the version ("v86") matches the version of the chromium-based browser you're using and the version number of the artifact is the same as Selenium's.
]]></system-err>
  </testcase>
  <testcase name="runScenario[&quot;Runs value testing in Data-driven approach&quot;, &quot;cricbuzz E2E test for given test data in sentences&quot;](5)" classname="tests.Runner6ForFeature2" time="6.135">
    <system-out><![CDATA[  &amp#27;[32mWhen &amp#27;[0m&amp#27;[32mI launch cricbuz site for &amp#27;[0m&amp#27;[32m&amp#27;[1m112479&amp#27;[0m&amp#27;[32m and &amp#27;[0m&amp#27;[32m&amp#27;[1m"zim-vs-ire-1st-odi-ireland-tour-of-zimbabwe-2025"&amp#27;[0m &amp#27;[90m# gluecode.StepDef1.i_launch_cricbuz_site_for_and(long,java.lang.String)&amp#27;[0m
Runs in UI is 169
  &amp#27;[32mAnd &amp#27;[0m&amp#27;[32mget runs done by &amp#27;[0m&amp#27;[32m&amp#27;[1m"Brian Bennett"&amp#27;[0m&amp#27;[32m in &amp#27;[0m&amp#27;[32m&amp#27;[1m1&amp#27;[0m&amp#27;[32m innings from scorecard page&amp#27;[0m                        &amp#27;[90m# gluecode.StepDef2.get_runs_done_by_in_innings_from_scorecard_page(java.lang.String,int)&amp#27;[0m
  &amp#27;[32mAnd &amp#27;[0m&amp#27;[32mI connect to cricbuzz API with &amp#27;[0m&amp#27;[32m&amp#27;[1m112479&amp#27;[0m&amp#27;[32m matchid&amp#27;[0m                                            &amp#27;[90m# gluecode.StepDef2.i_connect_to_cricbuzz_api_with_matchid(long)&amp#27;[0m
Runs in API is 169
  &amp#27;[32mAnd &amp#27;[0m&amp#27;[32mget runs done by &amp#27;[0m&amp#27;[32m&amp#27;[1m"Brian Bennett"&amp#27;[0m&amp#27;[32m in &amp#27;[0m&amp#27;[32m&amp#27;[1m1&amp#27;[0m&amp#27;[32m innings from JSON response body&amp#27;[0m                    &amp#27;[90m# gluecode.StepDef3.get_runs_done_by_in_innings_from_json_response_body(java.lang.String,int)&amp#27;[0m
Test case passed
  &amp#27;[32mThen &amp#27;[0m&amp#27;[32mI compare the runs in the response body and in the scorecard page for equality&amp#27;[0m          &amp#27;[90m# gluecode.StepDef3.i_compare_the_runs_for_equality()&amp#27;[0m
  &amp#27;[32mAnd &amp#27;[0m&amp#27;[32mI close browser&amp#27;[0m                                                                          &amp#27;[90m# gluecode.StepDef2.i_close_browser()&amp#27;[0m

    Runs value testing in Data-driven approach is completed with status:PASSED

]]></system-out>
  </testcase>
  <testcase name="runScenario[&quot;Runs value testing in Data-driven approach&quot;, &quot;cricbuzz E2E test for given test data in sentences&quot;](6)" classname="tests.Runner6ForFeature2" time="1.033">
    <system-out><![CDATA[
Scenario Outline: Total value testing with cross browser using data table and examples concept &amp#27;[90m# src/test/resources/features/feature3.feature:34&amp#27;[0m

    Scenario:13-Total value testing with cross browser using data table and examples concept is started

  &amp#27;[32mWhen &amp#27;[0m&amp#27;[32mI launch cricbuz site for &amp#27;[0m&amp#27;[32m&amp#27;[1m91805&amp#27;[0m&amp#27;[32m and &amp#27;[0m&amp#27;[32m&amp#27;[1m"aus-vs-ind-4th-test-india-tour-of-australia-2024-25"&amp#27;[0m &amp#27;[90m# gluecode.StepDef1.i_launch_cricbuz_site_for_and(long,java.lang.String)&amp#27;[0m
Runs in UI is 5
  &amp#27;[32mAnd &amp#27;[0m&amp#27;[32mget runs done by &amp#27;[0m&amp#27;[32m&amp#27;[1m"Virat Kohli"&amp#27;[0m&amp#27;[32m in &amp#27;[0m&amp#27;[32m&amp#27;[1m4&amp#27;[0m&amp#27;[32m innings from scorecard page&amp#27;[0m                            &amp#27;[90m# gluecode.StepDef2.get_runs_done_by_in_innings_from_scorecard_page(java.lang.String,int)&amp#27;[0m
  &amp#27;[32mAnd &amp#27;[0m&amp#27;[32mI connect to cricbuzz API with &amp#27;[0m&amp#27;[32m&amp#27;[1m91805&amp#27;[0m&amp#27;[32m matchid&amp#27;[0m                                               &amp#27;[90m# gluecode.StepDef2.i_connect_to_cricbuzz_api_with_matchid(long)&amp#27;[0m
Runs in API is 5
  &amp#27;[32mAnd &amp#27;[0m&amp#27;[32mget runs done by &amp#27;[0m&amp#27;[32m&amp#27;[1m"Virat Kohli"&amp#27;[0m&amp#27;[32m in &amp#27;[0m&amp#27;[32m&amp#27;[1m4&amp#27;[0m&amp#27;[32m innings from JSON response body&amp#27;[0m                        &amp#27;[90m# gluecode.StepDef3.get_runs_done_by_in_innings_from_json_response_body(java.lang.String,int)&amp#27;[0m
Test case passed
  &amp#27;[32mThen &amp#27;[0m&amp#27;[32mI compare the runs in the response body and in the scorecard page for equality&amp#27;[0m            &amp#27;[90m# gluecode.StepDef3.i_compare_the_runs_for_equality()&amp#27;[0m
  &amp#27;[32mAnd &amp#27;[0m&amp#27;[32mI close browser&amp#27;[0m                                                                            &amp#27;[90m# gluecode.StepDef2.i_close_browser()&amp#27;[0m

    Runs value testing in Data-driven approach is completed with status:PASSED

]]></system-out>
  </testcase>
  <testcase name="runScenario[&quot;Total value testing using data table concept&quot;, &quot;cricbuz E2E test for given test data in sentences&quot;](1)" classname="tests.Runner6ForFeature3" time="3.647">
    <system-out><![CDATA[
@smoke
Scenario Outline: Total runs value testing in Data-driven approach                                  &amp#27;[90m# src/test/resources/features/feature2.feature:18&amp#27;[0m

    Scenario:2-Total runs value testing in Data-driven approach is started


    Tags are:


    Scenario:2-Total runs value testing in Data-driven approach is started with tag:@smoke

250
  &amp#27;[32mGiven &amp#27;[0m&amp#27;[32mI open browser&amp#27;[0m                                                                              &amp#27;[90m# gluecode.StepDef1.i_open_browser()&amp#27;[0m
250
Test case passed
155
155
Test case passed
  &amp#27;[32mWhen &amp#27;[0m&amp#27;[32mI launch cricbuz site and check equality of total runs with corresponding API given runs&amp#27;[0m &amp#27;[90m# gluecode.StepDef3.i_launch_cricbuz_site_and_connect_to_corresponding_api(io.cucumber.datatable.DataTable)&amp#27;[0m
    | 100312 | ind-vs-eng-1st-odi-england-tour-of-india-2025       | 1 |
    | 112479 | zim-vs-ire-1st-odi-ireland-tour-of-zimbabwe-2025    | 2 |
    | 91805  | aus-vs-ind-4th-test-india-tour-of-australia-2024-25 | 4 |
  &amp#27;[32mAnd &amp#27;[0m&amp#27;[32mI close browser&amp#27;[0m                                                                           &amp#27;[90m# gluecode.StepDef2.i_close_browser()&amp#27;[0m

    Total value testing using data table concept is completed with status:PASSED

]]></system-out>
    <system-err><![CDATA[May 31, 2025 9:50:22 AM org.openqa.selenium.devtools.CdpVersionFinder findNearestMatch
WARNING: Unable to find CDP implementation matching 136
May 31, 2025 9:50:22 AM org.openqa.selenium.chromium.ChromiumDriver lambda$new$5
WARNING: Unable to find version of CDP to use for 136.0.7103.114. You may need to include a dependency on a specific version of the CDP using something similar to `org.seleniumhq.selenium:selenium-devtools-v86:4.14.0` where the version ("v86") matches the version of the chromium-based browser you're using and the version number of the artifact is the same as Selenium's.
]]></system-err>
  </testcase>
  <testcase name="runScenario[&quot;Total value testing with cross browser using data table and examples concept&quot;, &quot;cricbuz E2E test for given test data in sentences&quot;](2)" classname="tests.Runner6ForFeature3" time="0.282">
    <system-out><![CDATA[
@smoke
Scenario: Specific player Runs value testing, here test data in sentences as int and string types &amp#27;[90m# src/test/resources/features/feature1.feature:21&amp#27;[0m

    Scenario:6-Specific player Runs value testing, here test data in sentences as int and string types is started


    Tags are:


    Scenario:6-Specific player Runs value testing, here test data in sentences as int and string types is started with tag:@smoke

  &amp#27;[32mAnd &amp#27;[0m&amp#27;[32mI close browser&amp#27;[0m                                                                          &amp#27;[90m# gluecode.StepDef2.i_close_browser()&amp#27;[0m

    Total value testing with cross browser using data table and examples concept is completed with status:PASSED

]]></system-out>
  </testcase>
  <testcase name="runScenario[&quot;Total value testing with cross browser using data table and examples concept&quot;, &quot;cricbuz E2E test for given test data in sentences&quot;](3)" classname="tests.Runner6ForFeature3" time="4.894">
    <failure message="Invalid innings number" type="java.lang.RuntimeException"><![CDATA[java.lang.RuntimeException: Invalid innings number
	at gluecode.StepDef3.i_launch_cricbuz_site_and_connect_to_corresponding_api2(StepDef3.java:209)
	at ✽.I launch cricbuz site and connect to corresponding API to check equality of total runs(file:///E:/batch269API/org.magnitia9.BDD5-cricbuzUIandAPIE2ETestNG-DI/src/test/resources/features/feature3.feature:18)
]]></failure>
    <system-out><![CDATA[
Scenario Outline: Runs value testing in Data-driven approach                                     &amp#27;[90m# src/test/resources/features/feature2.feature:38&amp#27;[0m

    Scenario:12-Runs value testing in Data-driven approach is started

  &amp#27;[32mGiven &amp#27;[0m&amp#27;[32mI open browser&amp#27;[0m                                                                           &amp#27;[90m# gluecode.StepDef1.i_open_browser()&amp#27;[0m
248
248
Test case passed
250
250
Test case passed
  &amp#27;[31mWhen &amp#27;[0m&amp#27;[31mI launch cricbuz site and connect to corresponding API to check equality of total runs&amp#27;[0m  &amp#27;[90m# gluecode.StepDef3.i_launch_cricbuz_site_and_connect_to_corresponding_api2(io.cucumber.datatable.DataTable)&amp#27;[0m
    | matchid | matchdetails                                        | innings_number |
    | 100312  | ind-vs-eng-1st-odi-england-tour-of-india-2025       | 1              |
    | 112479  | zim-vs-ire-1st-odi-ireland-tour-of-zimbabwe-2025    | 2              |
    | 91805   | aus-vs-ind-4th-test-india-tour-of-australia-2024-25 | 4              |
      &amp#27;[31mjava.lang.RuntimeException: Invalid innings number
	at gluecode.StepDef3.i_launch_cricbuz_site_and_connect_to_corresponding_api2(StepDef3.java:209)
	at âœ½.I launch cricbuz site and connect to corresponding API to check equality of total runs(file:///E:/batch269API/org.magnitia9.BDD5-cricbuzUIandAPIE2ETestNG-DI/src/test/resources/features/feature3.feature:18)
&amp#27;[0m
  &amp#27;[36mAnd &amp#27;[0m&amp#27;[36mI close browser&amp#27;[0m                                                                          &amp#27;[90m# gluecode.StepDef2.i_close_browser()&amp#27;[0m

    Total value testing with cross browser using data table and examples concept is completed with status:FAILED

]]></system-out>
    <system-err><![CDATA[May 31, 2025 9:50:53 AM org.openqa.selenium.devtools.CdpVersionFinder findNearestMatch
WARNING: Unable to find CDP implementation matching 136
May 31, 2025 9:50:53 AM org.openqa.selenium.chromium.ChromiumDriver lambda$new$5
WARNING: Unable to find version of CDP to use for 136.0.7103.114. You may need to include a dependency on a specific version of the CDP using something similar to `org.seleniumhq.selenium:selenium-devtools-v86:4.14.0` where the version ("v86") matches the version of the chromium-based browser you're using and the version number of the artifact is the same as Selenium's.
]]></system-err>
  </testcase>
  <testcase name="runScenario[&quot;Total value testing with cross browser using data table and examples concept&quot;, &quot;cricbuz E2E test for given test data in sentences&quot;](4)" classname="tests.Runner6ForFeature3" time="3.144">
    <failure message="Could not start a new session. Response code 500. Message: session not created: Microsoft Edge failed to start: crashed.&#10;  (session not created: DevToolsActivePort file doesn&apos;t exist)&#10;  (The process started from msedge location C:\Program Files (x86)\Microsoft\Edge\Application\msedge.exe is no longer running, so msedgedriver is assuming that msedge has crashed.) &#10;Host info: host: &apos;DESKTOP-RAPIJ62&apos;, ip: &apos;192.168.29.73&apos;&#10;Build info: version: &apos;4.14.0&apos;, revision: &apos;e5a96349ce&apos;&#10;System info: os.name: &apos;Windows 10&apos;, os.arch: &apos;amd64&apos;, os.version: &apos;10.0&apos;, java.version: &apos;11.0.19&apos;&#10;Driver info: org.openqa.selenium.edge.EdgeDriver&#10;Command: [null, newSession {capabilities=[Capabilities {browserName: MicrosoftEdge, ms:edgeOptions: {args: [], binary: C:\Program Files (x86)\Micr..., extensions: []}}]}]" type="org.openqa.selenium.SessionNotCreatedException"><![CDATA[org.openqa.selenium.SessionNotCreatedException: 
Could not start a new session. Response code 500. Message: session not created: Microsoft Edge failed to start: crashed.
  (session not created: DevToolsActivePort file doesn't exist)
  (The process started from msedge location C:\Program Files (x86)\Microsoft\Edge\Application\msedge.exe is no longer running, so msedgedriver is assuming that msedge has crashed.) 
Host info: host: 'DESKTOP-RAPIJ62', ip: '192.168.29.73'
Build info: version: '4.14.0', revision: 'e5a96349ce'
System info: os.name: 'Windows 10', os.arch: 'amd64', os.version: '10.0', java.version: '11.0.19'
Driver info: org.openqa.selenium.edge.EdgeDriver
Command: [null, newSession {capabilities=[Capabilities {browserName: MicrosoftEdge, ms:edgeOptions: {args: [], binary: C:\Program Files (x86)\Micr..., extensions: []}}]}]
	at org.openqa.selenium.remote.ProtocolHandshake.createSession(ProtocolHandshake.java:140)
	at org.openqa.selenium.remote.ProtocolHandshake.createSession(ProtocolHandshake.java:96)
	at org.openqa.selenium.remote.ProtocolHandshake.createSession(ProtocolHandshake.java:68)
	at org.openqa.selenium.remote.HttpCommandExecutor.execute(HttpCommandExecutor.java:163)
	at org.openqa.selenium.remote.service.DriverCommandExecutor.invokeExecute(DriverCommandExecutor.java:196)
	at org.openqa.selenium.remote.service.DriverCommandExecutor.execute(DriverCommandExecutor.java:171)
	at org.openqa.selenium.remote.RemoteWebDriver.execute(RemoteWebDriver.java:602)
	at org.openqa.selenium.remote.RemoteWebDriver.startSession(RemoteWebDriver.java:236)
	at org.openqa.selenium.remote.RemoteWebDriver.<init>(RemoteWebDriver.java:163)
	at org.openqa.selenium.chromium.ChromiumDriver.<init>(ChromiumDriver.java:108)
	at org.openqa.selenium.edge.EdgeDriver.<init>(EdgeDriver.java:60)
	at org.openqa.selenium.edge.EdgeDriver.<init>(EdgeDriver.java:56)
	at org.openqa.selenium.edge.EdgeDriver.<init>(EdgeDriver.java:48)
	at org.openqa.selenium.edge.EdgeDriver.<init>(EdgeDriver.java:44)
	at utilities.WebSiteUtility.openBrowser(WebSiteUtility.java:46)
	at gluecode.StepDef4.i_open_browser(StepDef4.java:36)
	at ✽.I open "edge" browser(file:///E:/batch269API/org.magnitia9.BDD5-cricbuzUIandAPIE2ETestNG-DI/src/test/resources/features/feature3.feature:16)
]]></failure>
    <system-out><![CDATA[  &amp#27;[31mGiven &amp#27;[0m&amp#27;[31mI open &amp#27;[0m&amp#27;[31m&amp#27;[1m"edge"&amp#27;[0m&amp#27;[31m browser&amp#27;[0m                                                                  &amp#27;[90m# gluecode.StepDef4.i_open_browser(java.lang.String)&amp#27;[0m
      &amp#27;[31morg.openqa.selenium.SessionNotCreatedException: Could not start a new session. Response code 500. Message: session not created: Microsoft Edge failed to start: crashed.
  (session not created: DevToolsActivePort file doesn't exist)
  (The process started from msedge location C:\Program Files (x86)\Microsoft\Edge\Application\msedge.exe is no longer running, so msedgedriver is assuming that msedge has crashed.) 
Host info: host: 'DESKTOP-RAPIJ62', ip: '192.168.29.73'
Build info: version: '4.14.0', revision: 'e5a96349ce'
System info: os.name: 'Windows 10', os.arch: 'amd64', os.version: '10.0', java.version: '11.0.19'
Driver info: org.openqa.selenium.edge.EdgeDriver
Command: [null, newSession {capabilities=[Capabilities {browserName: MicrosoftEdge, ms:edgeOptions: {args: [], binary: C:\Program Files (x86)\Micr..., extensions: []}}]}]
	at org.openqa.selenium.remote.ProtocolHandshake.createSession(ProtocolHandshake.java:140)
	at org.openqa.selenium.remote.ProtocolHandshake.createSession(ProtocolHandshake.java:96)
	at org.openqa.selenium.remote.ProtocolHandshake.createSession(ProtocolHandshake.java:68)
	at org.openqa.selenium.remote.HttpCommandExecutor.execute(HttpCommandExecutor.java:163)
	at org.openqa.selenium.remote.service.DriverCommandExecutor.invokeExecute(DriverCommandExecutor.java:196)
	at org.openqa.selenium.remote.service.DriverCommandExecutor.execute(DriverCommandExecutor.java:171)
	at org.openqa.selenium.remote.RemoteWebDriver.execute(RemoteWebDriver.java:602)
	at org.openqa.selenium.remote.RemoteWebDriver.startSession(RemoteWebDriver.java:236)
	at org.openqa.selenium.remote.RemoteWebDriver.<init>(RemoteWebDriver.java:163)
	at org.openqa.selenium.chromium.ChromiumDriver.<init>(ChromiumDriver.java:108)
	at org.openqa.selenium.edge.EdgeDriver.<init>(EdgeDriver.java:60)
	at org.openqa.selenium.edge.EdgeDriver.<init>(EdgeDriver.java:56)
	at org.openqa.selenium.edge.EdgeDriver.<init>(EdgeDriver.java:48)
	at org.openqa.selenium.edge.EdgeDriver.<init>(EdgeDriver.java:44)
	at utilities.WebSiteUtility.openBrowser(WebSiteUtility.java:46)
	at gluecode.StepDef4.i_open_browser(StepDef4.java:36)
	at âœ½.I open "edge" browser(file:///E:/batch269API/org.magnitia9.BDD5-cricbuzUIandAPIE2ETestNG-DI/src/test/resources/features/feature3.feature:16)
&amp#27;[0m
  &amp#27;[36mWhen &amp#27;[0m&amp#27;[36mI launch cricbuz site and connect to corresponding API to check equality of total runs&amp#27;[0m  &amp#27;[90m# gluecode.StepDef3.i_launch_cricbuz_site_and_connect_to_corresponding_api2(io.cucumber.datatable.DataTable)&amp#27;[0m
    | matchid | matchdetails                                        | innings_number |
    | 100312  | ind-vs-eng-1st-odi-england-tour-of-india-2025       | 1              |
    | 112479  | zim-vs-ire-1st-odi-ireland-tour-of-zimbabwe-2025    | 2              |
    | 91805   | aus-vs-ind-4th-test-india-tour-of-australia-2024-25 | 4              |
  &amp#27;[36mAnd &amp#27;[0m&amp#27;[36mI close browser&amp#27;[0m                                                                          &amp#27;[90m# gluecode.StepDef2.i_close_browser()&amp#27;[0m

    Total value testing with cross browser using data table and examples concept is completed with status:FAILED

]]></system-out>
  </testcase>
  <testcase name="runScenario[&quot;Title testing&quot;, &quot;cricbuz E2E test for given test data in sentences&quot;](1)" classname="tests.Runner6ForFeature1" time="1.852">
    <failure message="null" type="java.lang.AssertionError"><![CDATA[java.lang.AssertionError: null
	at org.testng.Assert.fail(Assert.java:111)
	at org.testng.Assert.fail(Assert.java:116)
	at gluecode.StepDef1.i_should_see_in_the_title_of_scorecard_page(StepDef1.java:75)
	at ✽.I should see "India vs Pakistan" in the title of scorecard page(file:///E:/batch269API/org.magnitia9.BDD5-cricbuzUIandAPIE2ETestNG-DI/src/test/resources/features/feature1.feature:8)
]]></failure>
    <system-out><![CDATA[
@smoke
Scenario Outline: Total value testing with cross browser using data table and examples concept &amp#27;[90m# src/test/resources/features/feature3.feature:29&amp#27;[0m

    Scenario:3-Total value testing with cross browser using data table and examples concept is started


    Tags are:


    Scenario:3-Total value testing with cross browser using data table and examples concept is started with tag:@smoke

  &amp#27;[32mGiven &amp#27;[0m&amp#27;[32mI open &amp#27;[0m&amp#27;[32m&amp#27;[1m"chrome"&amp#27;[0m&amp#27;[32m browser&amp#27;[0m                                                                &amp#27;[90m# gluecode.StepDef4.i_open_browser(java.lang.String)&amp#27;[0m
  &amp#27;[31mThen &amp#27;[0m&amp#27;[31mI should see &amp#27;[0m&amp#27;[31m&amp#27;[1m"India vs Pakistan"&amp#27;[0m&amp#27;[31m in the title of scorecard page&amp#27;[0m                      &amp#27;[90m# gluecode.StepDef1.i_should_see_in_the_title_of_scorecard_page(java.lang.String)&amp#27;[0m
      &amp#27;[31mjava.lang.AssertionError: null
	at org.testng.Assert.fail(Assert.java:111)
	at org.testng.Assert.fail(Assert.java:116)
	at gluecode.StepDef1.i_should_see_in_the_title_of_scorecard_page(StepDef1.java:75)
	at âœ½.I should see "India vs Pakistan" in the title of scorecard page(file:///E:/batch269API/org.magnitia9.BDD5-cricbuzUIandAPIE2ETestNG-DI/src/test/resources/features/feature1.feature:8)
&amp#27;[0m
  &amp#27;[36mAnd &amp#27;[0m&amp#27;[36mI close browser&amp#27;[0m                                                                       &amp#27;[90m# gluecode.StepDef2.i_close_browser()&amp#27;[0m

    Title testing is completed with status:FAILED

]]></system-out>
    <system-err><![CDATA[May 31, 2025 9:50:26 AM org.openqa.selenium.devtools.CdpVersionFinder findNearestMatch
WARNING: Unable to find CDP implementation matching 136
May 31, 2025 9:50:26 AM org.openqa.selenium.chromium.ChromiumDriver lambda$new$5
WARNING: Unable to find version of CDP to use for 136.0.7103.114. You may need to include a dependency on a specific version of the CDP using something similar to `org.seleniumhq.selenium:selenium-devtools-v86:4.14.0` where the version ("v86") matches the version of the chromium-based browser you're using and the version number of the artifact is the same as Selenium's.
]]></system-err>
  </testcase>
  <testcase name="runScenario[&quot;Total runs value testing, here test data in sentences as int and string types&quot;, &quot;cricbuz E2E test for given test data in sentences&quot;](2)" classname="tests.Runner6ForFeature1" time="4.95">
    <system-out><![CDATA[
@smoke
Scenario Outline: Total runs value testing in Data-driven approach                                  &amp#27;[90m# src/test/resources/features/feature2.feature:19&amp#27;[0m

    Scenario:5-Total runs value testing in Data-driven approach is started


    Tags are:


    Scenario:5-Total runs value testing in Data-driven approach is started with tag:@smoke

  &amp#27;[32mGiven &amp#27;[0m&amp#27;[32mI open browser&amp#27;[0m                                                                              &amp#27;[90m# gluecode.StepDef1.i_open_browser()&amp#27;[0m
248
248
Test case passed
250
250
Test case passed
  &amp#27;[32mWhen &amp#27;[0m&amp#27;[32mI launch cricbuz site for &amp#27;[0m&amp#27;[32m&amp#27;[1m100312&amp#27;[0m&amp#27;[32m and &amp#27;[0m&amp#27;[32m&amp#27;[1m"ind-vs-eng-1st-odi-england-tour-of-india-2025"&amp#27;[0m         &amp#27;[90m# gluecode.StepDef1.i_launch_cricbuz_site_for_and(long,java.lang.String)&amp#27;[0m
155
  &amp#27;[32mAnd &amp#27;[0m&amp#27;[32mI connect to cricbuzz API with &amp#27;[0m&amp#27;[32m&amp#27;[1m100312&amp#27;[0m&amp#27;[32m matchid&amp#27;[0m                                                 &amp#27;[90m# gluecode.StepDef2.i_connect_to_cricbuzz_api_with_matchid(long)&amp#27;[0m
248
248
Test case passed
  &amp#27;[32mThen &amp#27;[0m&amp#27;[32mI compare the total of &amp#27;[0m&amp#27;[32m&amp#27;[1m1&amp#27;[0m&amp#27;[32m innings in the response body and in the scorecard page for equality&amp#27;[0m &amp#27;[90m# gluecode.StepDef2.i_compare_the_total_for_equality(int)&amp#27;[0m
155
Test case passed
  &amp#27;[32mWhen &amp#27;[0m&amp#27;[32mI launch cricbuz site and connect to corresponding API to check equality of total runs&amp#27;[0m  &amp#27;[90m# gluecode.StepDef3.i_launch_cricbuz_site_and_connect_to_corresponding_api2(io.cucumber.datatable.DataTable)&amp#27;[0m
    | matchid | matchdetails                                        | innings_number |
    | 100312  | ind-vs-eng-1st-odi-england-tour-of-india-2025       | 1              |
    | 112479  | zim-vs-ire-1st-odi-ireland-tour-of-zimbabwe-2025    | 2              |
    | 91805   | aus-vs-ind-4th-test-india-tour-of-australia-2024-25 | 4              |
  &amp#27;[32mAnd &amp#27;[0m&amp#27;[32mI close browser&amp#27;[0m                                                                               &amp#27;[90m# gluecode.StepDef2.i_close_browser()&amp#27;[0m

    Total runs value testing, here test data in sentences as int and string types is completed with status:PASSED

]]></system-out>
    <system-err><![CDATA[May 31, 2025 9:50:29 AM org.openqa.selenium.devtools.CdpVersionFinder findNearestMatch
WARNING: Unable to find CDP implementation matching 136
May 31, 2025 9:50:29 AM org.openqa.selenium.chromium.ChromiumDriver lambda$new$5
WARNING: Unable to find version of CDP to use for 136.0.7103.114. You may need to include a dependency on a specific version of the CDP using something similar to `org.seleniumhq.selenium:selenium-devtools-v86:4.14.0` where the version ("v86") matches the version of the chromium-based browser you're using and the version number of the artifact is the same as Selenium's.
]]></system-err>
  </testcase>
  <testcase name="runScenario[&quot;Specific player Runs value testing, here test data in sentences as int and string types&quot;, &quot;cricbuz E2E test for given test data in sentences&quot;](3)" classname="tests.Runner6ForFeature1" time="2.879">
    <system-out><![CDATA[
Scenario Outline: Runs value testing in Data-driven approach                                &amp#27;[90m# src/test/resources/features/feature2.feature:36&amp#27;[0m

    Scenario:8-Runs value testing in Data-driven approach is started

  &amp#27;[32mGiven &amp#27;[0m&amp#27;[32mI open browser&amp#27;[0m                                                                      &amp#27;[90m# gluecode.StepDef1.i_open_browser()&amp#27;[0m
  &amp#27;[32mWhen &amp#27;[0m&amp#27;[32mI launch cricbuz site for &amp#27;[0m&amp#27;[32m&amp#27;[1m100312&amp#27;[0m&amp#27;[32m and &amp#27;[0m&amp#27;[32m&amp#27;[1m"ind-vs-eng-1st-odi-england-tour-of-india-2025"&amp#27;[0m       &amp#27;[90m# gluecode.StepDef1.i_launch_cricbuz_site_for_and(long,java.lang.String)&amp#27;[0m
Runs in UI is 87
  &amp#27;[32mAnd &amp#27;[0m&amp#27;[32mget runs done by &amp#27;[0m&amp#27;[32m&amp#27;[1m"Shubman Gill"&amp#27;[0m&amp#27;[32m in &amp#27;[0m&amp#27;[32m&amp#27;[1m2&amp#27;[0m&amp#27;[32m innings from scorecard page&amp#27;[0m                            &amp#27;[90m# gluecode.StepDef2.get_runs_done_by_in_innings_from_scorecard_page(java.lang.String,int)&amp#27;[0m
  &amp#27;[32mAnd &amp#27;[0m&amp#27;[32mI connect to cricbuzz API with &amp#27;[0m&amp#27;[32m&amp#27;[1m100312&amp#27;[0m&amp#27;[32m matchid&amp#27;[0m                                               &amp#27;[90m# gluecode.StepDef2.i_connect_to_cricbuzz_api_with_matchid(long)&amp#27;[0m
Runs in API is 87
  &amp#27;[32mAnd &amp#27;[0m&amp#27;[32mget runs done by &amp#27;[0m&amp#27;[32m&amp#27;[1m"Shubman Gill"&amp#27;[0m&amp#27;[32m in &amp#27;[0m&amp#27;[32m&amp#27;[1m2&amp#27;[0m&amp#27;[32m innings from JSON response body&amp#27;[0m                        &amp#27;[90m# gluecode.StepDef3.get_runs_done_by_in_innings_from_json_response_body(java.lang.String,int)&amp#27;[0m
Test case passed
  &amp#27;[32mThen &amp#27;[0m&amp#27;[32mI compare the runs in the response body and in the scorecard page for equality&amp#27;[0m             &amp#27;[90m# gluecode.StepDef3.i_compare_the_runs_for_equality()&amp#27;[0m
  &amp#27;[32mAnd &amp#27;[0m&amp#27;[32mI close browser&amp#27;[0m                                                                             &amp#27;[90m# gluecode.StepDef2.i_close_browser()&amp#27;[0m

    Specific player Runs value testing, here test data in sentences as int and string types is completed with status:PASSED

]]></system-out>
    <system-err><![CDATA[May 31, 2025 9:50:39 AM org.openqa.selenium.devtools.CdpVersionFinder findNearestMatch
WARNING: Unable to find CDP implementation matching 136
May 31, 2025 9:50:39 AM org.openqa.selenium.chromium.ChromiumDriver lambda$new$5
WARNING: Unable to find version of CDP to use for 136.0.7103.114. You may need to include a dependency on a specific version of the CDP using something similar to `org.seleniumhq.selenium:selenium-devtools-v86:4.14.0` where the version ("v86") matches the version of the chromium-based browser you're using and the version number of the artifact is the same as Selenium's.
]]></system-err>
  </testcase>
  <testcase name="runScenario[&quot;Specific player Runs value testing using test data as Docstring in sentences&quot;, &quot;cricbuz E2E test for given test data in sentences&quot;](4)" classname="tests.Runner6ForFeature1" time="3.201">
    <system-out><![CDATA[
Scenario Outline: Runs value testing in Data-driven approach                                   &amp#27;[90m# src/test/resources/features/feature2.feature:37&amp#27;[0m

    Scenario:10-Runs value testing in Data-driven approach is started

  &amp#27;[32mGiven &amp#27;[0m&amp#27;[32mI open &amp#27;[0m&amp#27;[32m&amp#27;[1m"firefox"&amp#27;[0m&amp#27;[32m browser&amp#27;[0m                                                               &amp#27;[90m# gluecode.StepDef4.i_open_browser(java.lang.String)&amp#27;[0m
  &amp#27;[32mGiven &amp#27;[0m&amp#27;[32mI open browser&amp#27;[0m                                                                         &amp#27;[90m# gluecode.StepDef1.i_open_browser()&amp#27;[0m
  &amp#27;[32mWhen &amp#27;[0m&amp#27;[32mI launch cricbuz site for &amp#27;[0m&amp#27;[32m&amp#27;[1m100312&amp#27;[0m&amp#27;[32m and &amp#27;[0m&amp#27;[32m&amp#27;[1m"ind-vs-eng-1st-odi-england-tour-of-india-2025"&amp#27;[0m &amp#27;[90m# gluecode.StepDef1.i_launch_cricbuz_site_for_and(long,java.lang.String)&amp#27;[0m
Runs in UI is 87
  &amp#27;[32mAnd &amp#27;[0m&amp#27;[32mget runs scored from scorecard page related to&amp#27;[0m                                        &amp#27;[90m# gluecode.StepDef3.get_runs_scored_from_scorecard_page_related_to(java.lang.String)&amp#27;[0m
  &amp#27;[32mAnd &amp#27;[0m&amp#27;[32mI connect to cricbuzz API with &amp#27;[0m&amp#27;[32m&amp#27;[1m100312&amp#27;[0m&amp#27;[32m matchid&amp#27;[0m                                         &amp#27;[90m# gluecode.StepDef2.i_connect_to_cricbuzz_api_with_matchid(long)&amp#27;[0m
Runs in API is 87
  &amp#27;[32mAnd &amp#27;[0m&amp#27;[32mget runs done by &amp#27;[0m&amp#27;[32m&amp#27;[1m"Shubman Gill"&amp#27;[0m&amp#27;[32m in &amp#27;[0m&amp#27;[32m&amp#27;[1m2&amp#27;[0m&amp#27;[32m innings from JSON response body&amp#27;[0m                  &amp#27;[90m# gluecode.StepDef3.get_runs_done_by_in_innings_from_json_response_body(java.lang.String,int)&amp#27;[0m
Test case passed
  &amp#27;[32mThen &amp#27;[0m&amp#27;[32mI compare the runs in the response body and in the scorecard page for equality&amp#27;[0m       &amp#27;[90m# gluecode.StepDef3.i_compare_the_runs_for_equality()&amp#27;[0m
  &amp#27;[32mAnd &amp#27;[0m&amp#27;[32mI close browser&amp#27;[0m                                                                       &amp#27;[90m# gluecode.StepDef2.i_close_browser()&amp#27;[0m

    Specific player Runs value testing using test data as Docstring in sentences is completed with status:PASSED

]]></system-out>
    <system-err><![CDATA[May 31, 2025 9:50:47 AM org.openqa.selenium.devtools.CdpVersionFinder findNearestMatch
WARNING: Unable to find CDP implementation matching 136
May 31, 2025 9:50:47 AM org.openqa.selenium.chromium.ChromiumDriver lambda$new$5
WARNING: Unable to find version of CDP to use for 136.0.7103.114. You may need to include a dependency on a specific version of the CDP using something similar to `org.seleniumhq.selenium:selenium-devtools-v86:4.14.0` where the version ("v86") matches the version of the chromium-based browser you're using and the version number of the artifact is the same as Selenium's.
]]></system-err>
  </testcase>
</testsuite>