<?xml version="1.0" encoding="UTF-8"?>
<testsuite xmlns:xsi="http://www.w3.org/2001/XMLSchema-instance" xsi:noNamespaceSchemaLocation="https://maven.apache.org/surefire/maven-surefire-plugin/xsd/surefire-test-report-3.0.xsd" version="3.0" name="TestSuite" time="50.772" tests="14" errors="0" skipped="0" failures="3">
  <properties>
    <property name="sun.desktop" value="windows"/>
    <property name="awt.toolkit" value="sun.awt.windows.WToolkit"/>
    <property name="java.specification.version" value="11"/>
    <property name="sun.cpu.isalist" value="amd64"/>
    <property name="sun.jnu.encoding" value="Cp1252"/>
    <property name="java.class.path" value="E:\batch269API\org.magnitia9.BDD5-cricbuzUIandAPIE2ETestNG-DI\target\test-classes;E:\batch269API\org.magnitia9.BDD5-cricbuzUIandAPIE2ETestNG-DI\target\classes;C:\Windows\system32\config\systemprofile\.m2\repository\org\seleniumhq\selenium\selenium-java\4.14.0\selenium-java-4.14.0.jar;C:\Windows\system32\config\systemprofile\.m2\repository\org\seleniumhq\selenium\selenium-api\4.14.0\selenium-api-4.14.0.jar;C:\Windows\system32\config\systemprofile\.m2\repository\org\seleniumhq\selenium\selenium-chrome-driver\4.14.0\selenium-chrome-driver-4.14.0.jar;C:\Windows\system32\config\systemprofile\.m2\repository\com\google\auto\service\auto-service-annotations\1.1.1\auto-service-annotations-1.1.1.jar;C:\Windows\system32\config\systemprofile\.m2\repository\com\google\guava\guava\32.1.2-jre\guava-32.1.2-jre.jar;C:\Windows\system32\config\systemprofile\.m2\repository\com\google\guava\failureaccess\1.0.1\failureaccess-1.0.1.jar;C:\Windows\system32\config\systemprofile\.m2\repository\com\google\guava\listenablefuture\9999.0-empty-to-avoid-conflict-with-guava\listenablefuture-9999.0-empty-to-avoid-conflict-with-guava.jar;C:\Windows\system32\config\systemprofile\.m2\repository\com\google\code\findbugs\jsr305\3.0.2\jsr305-3.0.2.jar;C:\Windows\system32\config\systemprofile\.m2\repository\org\checkerframework\checker-qual\3.33.0\checker-qual-3.33.0.jar;C:\Windows\system32\config\systemprofile\.m2\repository\com\google\errorprone\error_prone_annotations\2.18.0\error_prone_annotations-2.18.0.jar;C:\Windows\system32\config\systemprofile\.m2\repository\com\google\j2objc\j2objc-annotations\2.8\j2objc-annotations-2.8.jar;C:\Windows\system32\config\systemprofile\.m2\repository\org\seleniumhq\selenium\selenium-chromium-driver\4.14.0\selenium-chromium-driver-4.14.0.jar;C:\Windows\system32\config\systemprofile\.m2\repository\org\seleniumhq\selenium\selenium-json\4.14.0\selenium-json-4.14.0.jar;C:\Windows\system32\config\systemprofile\.m2\repository\org\seleniumhq\selenium\selenium-manager\4.14.0\selenium-manager-4.14.0.jar;C:\Windows\system32\config\systemprofile\.m2\repository\org\seleniumhq\selenium\selenium-devtools-v116\4.14.0\selenium-devtools-v116-4.14.0.jar;C:\Windows\system32\config\systemprofile\.m2\repository\org\seleniumhq\selenium\selenium-devtools-v117\4.14.0\selenium-devtools-v117-4.14.0.jar;C:\Windows\system32\config\systemprofile\.m2\repository\org\seleniumhq\selenium\selenium-devtools-v118\4.14.0\selenium-devtools-v118-4.14.0.jar;C:\Windows\system32\config\systemprofile\.m2\repository\org\seleniumhq\selenium\selenium-devtools-v85\4.14.0\selenium-devtools-v85-4.14.0.jar;C:\Windows\system32\config\systemprofile\.m2\repository\org\seleniumhq\selenium\selenium-edge-driver\4.14.0\selenium-edge-driver-4.14.0.jar;C:\Windows\system32\config\systemprofile\.m2\repository\org\seleniumhq\selenium\selenium-firefox-driver\4.14.0\selenium-firefox-driver-4.14.0.jar;C:\Windows\system32\config\systemprofile\.m2\repository\org\seleniumhq\selenium\selenium-http\4.14.0\selenium-http-4.14.0.jar;C:\Windows\system32\config\systemprofile\.m2\repository\dev\failsafe\failsafe\3.3.2\failsafe-3.3.2.jar;C:\Windows\system32\config\systemprofile\.m2\repository\org\seleniumhq\selenium\selenium-ie-driver\4.14.0\selenium-ie-driver-4.14.0.jar;C:\Windows\system32\config\systemprofile\.m2\repository\org\seleniumhq\selenium\selenium-remote-driver\4.14.0\selenium-remote-driver-4.14.0.jar;C:\Windows\system32\config\systemprofile\.m2\repository\io\opentelemetry\opentelemetry-api\1.28.0\opentelemetry-api-1.28.0.jar;C:\Windows\system32\config\systemprofile\.m2\repository\io\opentelemetry\opentelemetry-context\1.28.0\opentelemetry-context-1.28.0.jar;C:\Windows\system32\config\systemprofile\.m2\repository\io\opentelemetry\opentelemetry-exporter-logging\1.28.0\opentelemetry-exporter-logging-1.28.0.jar;C:\Windows\system32\config\systemprofile\.m2\repository\io\opentelemetry\opentelemetry-sdk-metrics\1.28.0\opentelemetry-sdk-metrics-1.28.0.jar;C:\Windows\system32\config\systemprofile\.m2\repository\io\opentelemetry\opentelemetry-extension-incubator\1.28.0-alpha\opentelemetry-extension-incubator-1.28.0-alpha.jar;C:\Windows\system32\config\systemprofile\.m2\repository\io\opentelemetry\opentelemetry-sdk-logs\1.28.0\opentelemetry-sdk-logs-1.28.0.jar;C:\Windows\system32\config\systemprofile\.m2\repository\io\opentelemetry\opentelemetry-sdk-common\1.28.0\opentelemetry-sdk-common-1.28.0.jar;C:\Windows\system32\config\systemprofile\.m2\repository\io\opentelemetry\opentelemetry-sdk-extension-autoconfigure-spi\1.28.0\opentelemetry-sdk-extension-autoconfigure-spi-1.28.0.jar;C:\Windows\system32\config\systemprofile\.m2\repository\io\opentelemetry\opentelemetry-sdk-extension-autoconfigure\1.28.0\opentelemetry-sdk-extension-autoconfigure-1.28.0.jar;C:\Windows\system32\config\systemprofile\.m2\repository\io\opentelemetry\opentelemetry-api-events\1.28.0-alpha\opentelemetry-api-events-1.28.0-alpha.jar;C:\Windows\system32\config\systemprofile\.m2\repository\io\opentelemetry\opentelemetry-sdk-trace\1.28.0\opentelemetry-sdk-trace-1.28.0.jar;C:\Windows\system32\config\systemprofile\.m2\repository\io\opentelemetry\opentelemetry-sdk\1.28.0\opentelemetry-sdk-1.28.0.jar;C:\Windows\system32\config\systemprofile\.m2\repository\io\opentelemetry\opentelemetry-semconv\1.28.0-alpha\opentelemetry-semconv-1.28.0-alpha.jar;C:\Windows\system32\config\systemprofile\.m2\repository\net\bytebuddy\byte-buddy\1.14.5\byte-buddy-1.14.5.jar;C:\Windows\system32\config\systemprofile\.m2\repository\org\seleniumhq\selenium\selenium-os\4.14.0\selenium-os-4.14.0.jar;C:\Windows\system32\config\systemprofile\.m2\repository\org\apache\commons\commons-exec\1.3\commons-exec-1.3.jar;C:\Windows\system32\config\systemprofile\.m2\repository\org\seleniumhq\selenium\selenium-safari-driver\4.14.0\selenium-safari-driver-4.14.0.jar;C:\Windows\system32\config\systemprofile\.m2\repository\org\seleniumhq\selenium\selenium-support\4.14.0\selenium-support-4.14.0.jar;C:\Windows\system32\config\systemprofile\.m2\repository\ru\yandex\qatools\ashot\ashot\1.5.4\ashot-1.5.4.jar;C:\Windows\system32\config\systemprofile\.m2\repository\commons-io\commons-io\2.5\commons-io-2.5.jar;C:\Windows\system32\config\systemprofile\.m2\repository\com\google\code\gson\gson\2.6.2\gson-2.6.2.jar;C:\Windows\system32\config\systemprofile\.m2\repository\org\hamcrest\hamcrest-core\1.3\hamcrest-core-1.3.jar;C:\Windows\system32\config\systemprofile\.m2\repository\io\rest-assured\rest-assured\5.4.0\rest-assured-5.4.0.jar;C:\Windows\system32\config\systemprofile\.m2\repository\org\apache\groovy\groovy\4.0.16\groovy-4.0.16.jar;C:\Windows\system32\config\systemprofile\.m2\repository\org\apache\groovy\groovy-xml\4.0.16\groovy-xml-4.0.16.jar;C:\Windows\system32\config\systemprofile\.m2\repository\org\apache\httpcomponents\httpclient\4.5.13\httpclient-4.5.13.jar;C:\Windows\system32\config\systemprofile\.m2\repository\org\apache\httpcomponents\httpcore\4.4.13\httpcore-4.4.13.jar;C:\Windows\system32\config\systemprofile\.m2\repository\commons-codec\commons-codec\1.11\commons-codec-1.11.jar;C:\Windows\system32\config\systemprofile\.m2\repository\org\apache\httpcomponents\httpmime\4.5.13\httpmime-4.5.13.jar;C:\Windows\system32\config\systemprofile\.m2\repository\org\hamcrest\hamcrest\2.2\hamcrest-2.2.jar;C:\Windows\system32\config\systemprofile\.m2\repository\org\ccil\cowan\tagsoup\tagsoup\1.2.1\tagsoup-1.2.1.jar;C:\Windows\system32\config\systemprofile\.m2\repository\io\rest-assured\json-path\5.4.0\json-path-5.4.0.jar;C:\Windows\system32\config\systemprofile\.m2\repository\org\apache\groovy\groovy-json\4.0.16\groovy-json-4.0.16.jar;C:\Windows\system32\config\systemprofile\.m2\repository\io\rest-assured\rest-assured-common\5.4.0\rest-assured-common-5.4.0.jar;C:\Windows\system32\config\systemprofile\.m2\repository\io\rest-assured\xml-path\5.4.0\xml-path-5.4.0.jar;C:\Windows\system32\config\systemprofile\.m2\repository\org\apache\commons\commons-lang3\3.11\commons-lang3-3.11.jar;C:\Windows\system32\config\systemprofile\.m2\repository\com\fasterxml\jackson\core\jackson-databind\2.15.0\jackson-databind-2.15.0.jar;C:\Windows\system32\config\systemprofile\.m2\repository\com\fasterxml\jackson\core\jackson-annotations\2.15.0\jackson-annotations-2.15.0.jar;C:\Windows\system32\config\systemprofile\.m2\repository\com\fasterxml\jackson\core\jackson-core\2.15.0\jackson-core-2.15.0.jar;C:\Windows\system32\config\systemprofile\.m2\repository\org\testng\testng\7.8.0\testng-7.8.0.jar;C:\Windows\system32\config\systemprofile\.m2\repository\org\slf4j\slf4j-api\1.7.36\slf4j-api-1.7.36.jar;C:\Windows\system32\config\systemprofile\.m2\repository\com\beust\jcommander\1.82\jcommander-1.82.jar;C:\Windows\system32\config\systemprofile\.m2\repository\org\webjars\jquery\3.6.1\jquery-3.6.1.jar;C:\Windows\system32\config\systemprofile\.m2\repository\io\cucumber\cucumber-java\7.17.0\cucumber-java-7.17.0.jar;C:\Windows\system32\config\systemprofile\.m2\repository\io\cucumber\cucumber-core\7.17.0\cucumber-core-7.17.0.jar;C:\Windows\system32\config\systemprofile\.m2\repository\io\cucumber\cucumber-gherkin\7.17.0\cucumber-gherkin-7.17.0.jar;C:\Windows\system32\config\systemprofile\.m2\repository\io\cucumber\cucumber-gherkin-messages\7.17.0\cucumber-gherkin-messages-7.17.0.jar;C:\Windows\system32\config\systemprofile\.m2\repository\io\cucumber\gherkin\28.0.0\gherkin-28.0.0.jar;C:\Windows\system32\config\systemprofile\.m2\repository\io\cucumber\messages\24.1.0\messages-24.1.0.jar;C:\Windows\system32\config\systemprofile\.m2\repository\io\cucumber\testng-xml-formatter\0.1.0\testng-xml-formatter-0.1.0.jar;C:\Windows\system32\config\systemprofile\.m2\repository\io\cucumber\query\12.2.0\query-12.2.0.jar;C:\Windows\system32\config\systemprofile\.m2\repository\io\cucumber\tag-expressions\6.1.0\tag-expressions-6.1.0.jar;C:\Windows\system32\config\systemprofile\.m2\repository\io\cucumber\cucumber-expressions\17.1.0\cucumber-expressions-17.1.0.jar;C:\Windows\system32\config\systemprofile\.m2\repository\io\cucumber\datatable\7.17.0\datatable-7.17.0.jar;C:\Windows\system32\config\systemprofile\.m2\repository\io\cucumber\cucumber-plugin\7.17.0\cucumber-plugin-7.17.0.jar;C:\Windows\system32\config\systemprofile\.m2\repository\io\cucumber\docstring\7.17.0\docstring-7.17.0.jar;C:\Windows\system32\config\systemprofile\.m2\repository\io\cucumber\html-formatter\21.3.1\html-formatter-21.3.1.jar;C:\Windows\system32\config\systemprofile\.m2\repository\io\cucumber\junit-xml-formatter\0.4.0\junit-xml-formatter-0.4.0.jar;C:\Windows\system32\config\systemprofile\.m2\repository\io\cucumber\ci-environment\10.0.1\ci-environment-10.0.1.jar;C:\Windows\system32\config\systemprofile\.m2\repository\org\apiguardian\apiguardian-api\1.1.2\apiguardian-api-1.1.2.jar;C:\Windows\system32\config\systemprofile\.m2\repository\io\cucumber\cucumber-testng\7.17.0\cucumber-testng-7.17.0.jar;C:\Windows\system32\config\systemprofile\.m2\repository\io\cucumber\cucumber-picocontainer\7.17.0\cucumber-picocontainer-7.17.0.jar;C:\Windows\system32\config\systemprofile\.m2\repository\org\picocontainer\picocontainer\2.15\picocontainer-2.15.jar;C:\Windows\system32\config\systemprofile\.m2\repository\commons-configuration\commons-configuration\1.10\commons-configuration-1.10.jar;C:\Windows\system32\config\systemprofile\.m2\repository\commons-lang\commons-lang\2.6\commons-lang-2.6.jar;C:\Windows\system32\config\systemprofile\.m2\repository\commons-logging\commons-logging\1.1.1\commons-logging-1.1.1.jar;C:\Windows\system32\config\systemprofile\.m2\repository\org\apache\poi\poi-ooxml\5.0.0\poi-ooxml-5.0.0.jar;C:\Windows\system32\config\systemprofile\.m2\repository\org\apache\poi\poi\5.0.0\poi-5.0.0.jar;C:\Windows\system32\config\systemprofile\.m2\repository\org\slf4j\jcl-over-slf4j\1.7.30\jcl-over-slf4j-1.7.30.jar;C:\Windows\system32\config\systemprofile\.m2\repository\org\apache\commons\commons-collections4\4.4\commons-collections4-4.4.jar;C:\Windows\system32\config\systemprofile\.m2\repository\org\apache\commons\commons-math3\3.6.1\commons-math3-3.6.1.jar;C:\Windows\system32\config\systemprofile\.m2\repository\com\zaxxer\SparseBitSet\1.2\SparseBitSet-1.2.jar;C:\Windows\system32\config\systemprofile\.m2\repository\org\apache\poi\poi-ooxml-lite\5.0.0\poi-ooxml-lite-5.0.0.jar;C:\Windows\system32\config\systemprofile\.m2\repository\org\apache\xmlbeans\xmlbeans\4.0.0\xmlbeans-4.0.0.jar;C:\Windows\system32\config\systemprofile\.m2\repository\org\apache\commons\commons-compress\1.20\commons-compress-1.20.jar;C:\Windows\system32\config\systemprofile\.m2\repository\com\github\virtuald\curvesapi\1.06\curvesapi-1.06.jar;C:\Windows\system32\config\systemprofile\.m2\repository\org\bouncycastle\bcpkix-jdk15on\1.68\bcpkix-jdk15on-1.68.jar;C:\Windows\system32\config\systemprofile\.m2\repository\org\bouncycastle\bcprov-jdk15on\1.68\bcprov-jdk15on-1.68.jar;C:\Windows\system32\config\systemprofile\.m2\repository\org\apache\santuario\xmlsec\2.2.1\xmlsec-2.2.1.jar;C:\Windows\system32\config\systemprofile\.m2\repository\com\fasterxml\woodstox\woodstox-core\5.2.1\woodstox-core-5.2.1.jar;C:\Windows\system32\config\systemprofile\.m2\repository\org\codehaus\woodstox\stax2-api\4.2\stax2-api-4.2.jar;C:\Windows\system32\config\systemprofile\.m2\repository\jakarta\xml\bind\jakarta.xml.bind-api\2.3.2\jakarta.xml.bind-api-2.3.2.jar;C:\Windows\system32\config\systemprofile\.m2\repository\jakarta\activation\jakarta.activation-api\1.2.1\jakarta.activation-api-1.2.1.jar;C:\Windows\system32\config\systemprofile\.m2\repository\org\apache\xmlgraphics\batik-all\1.13\batik-all-1.13.jar;C:\Windows\system32\config\systemprofile\.m2\repository\org\apache\xmlgraphics\batik-anim\1.13\batik-anim-1.13.jar;C:\Windows\system32\config\systemprofile\.m2\repository\org\apache\xmlgraphics\batik-shared-resources\1.13\batik-shared-resources-1.13.jar;C:\Windows\system32\config\systemprofile\.m2\repository\xml-apis\xml-apis-ext\1.3.04\xml-apis-ext-1.3.04.jar;C:\Windows\system32\config\systemprofile\.m2\repository\org\apache\xmlgraphics\batik-awt-util\1.13\batik-awt-util-1.13.jar;C:\Windows\system32\config\systemprofile\.m2\repository\org\apache\xmlgraphics\xmlgraphics-commons\2.4\xmlgraphics-commons-2.4.jar;C:\Windows\system32\config\systemprofile\.m2\repository\org\apache\xmlgraphics\batik-bridge\1.13\batik-bridge-1.13.jar;C:\Windows\system32\config\systemprofile\.m2\repository\org\apache\xmlgraphics\batik-codec\1.13\batik-codec-1.13.jar;C:\Windows\system32\config\systemprofile\.m2\repository\org\apache\xmlgraphics\batik-constants\1.13\batik-constants-1.13.jar;C:\Windows\system32\config\systemprofile\.m2\repository\org\apache\xmlgraphics\batik-css\1.13\batik-css-1.13.jar;C:\Windows\system32\config\systemprofile\.m2\repository\org\apache\xmlgraphics\batik-dom\1.13\batik-dom-1.13.jar;C:\Windows\system32\config\systemprofile\.m2\repository\xalan\xalan\2.7.2\xalan-2.7.2.jar;C:\Windows\system32\config\systemprofile\.m2\repository\xalan\serializer\2.7.2\serializer-2.7.2.jar;C:\Windows\system32\config\systemprofile\.m2\repository\xml-apis\xml-apis\1.4.01\xml-apis-1.4.01.jar;C:\Windows\system32\config\systemprofile\.m2\repository\org\apache\xmlgraphics\batik-ext\1.13\batik-ext-1.13.jar;C:\Windows\system32\config\systemprofile\.m2\repository\org\apache\xmlgraphics\batik-extension\1.13\batik-extension-1.13.jar;C:\Windows\system32\config\systemprofile\.m2\repository\org\apache\xmlgraphics\batik-gui-util\1.13\batik-gui-util-1.13.jar;C:\Windows\system32\config\systemprofile\.m2\repository\org\apache\xmlgraphics\batik-gvt\1.13\batik-gvt-1.13.jar;C:\Windows\system32\config\systemprofile\.m2\repository\org\apache\xmlgraphics\batik-i18n\1.13\batik-i18n-1.13.jar;C:\Windows\system32\config\systemprofile\.m2\repository\org\apache\xmlgraphics\batik-parser\1.13\batik-parser-1.13.jar;C:\Windows\system32\config\systemprofile\.m2\repository\org\apache\xmlgraphics\batik-rasterizer-ext\1.13\batik-rasterizer-ext-1.13.jar;C:\Windows\system32\config\systemprofile\.m2\repository\org\apache\xmlgraphics\batik-rasterizer\1.13\batik-rasterizer-1.13.jar;C:\Windows\system32\config\systemprofile\.m2\repository\org\apache\xmlgraphics\batik-script\1.13\batik-script-1.13.jar;C:\Windows\system32\config\systemprofile\.m2\repository\org\apache\xmlgraphics\batik-slideshow\1.13\batik-slideshow-1.13.jar;C:\Windows\system32\config\systemprofile\.m2\repository\org\apache\xmlgraphics\batik-squiggle-ext\1.13\batik-squiggle-ext-1.13.jar;C:\Windows\system32\config\systemprofile\.m2\repository\org\apache\xmlgraphics\batik-squiggle\1.13\batik-squiggle-1.13.jar;C:\Windows\system32\config\systemprofile\.m2\repository\org\apache\xmlgraphics\batik-svg-dom\1.13\batik-svg-dom-1.13.jar;C:\Windows\system32\config\systemprofile\.m2\repository\org\apache\xmlgraphics\batik-svgbrowser\1.13\batik-svgbrowser-1.13.jar;C:\Windows\system32\config\systemprofile\.m2\repository\org\apache\xmlgraphics\batik-svggen\1.13\batik-svggen-1.13.jar;C:\Windows\system32\config\systemprofile\.m2\repository\org\apache\xmlgraphics\batik-svgpp\1.13\batik-svgpp-1.13.jar;C:\Windows\system32\config\systemprofile\.m2\repository\org\apache\xmlgraphics\batik-svgrasterizer\1.13\batik-svgrasterizer-1.13.jar;C:\Windows\system32\config\systemprofile\.m2\repository\org\apache\xmlgraphics\batik-swing\1.13\batik-swing-1.13.jar;C:\Windows\system32\config\systemprofile\.m2\repository\org\apache\xmlgraphics\batik-transcoder\1.13\batik-transcoder-1.13.jar;C:\Windows\system32\config\systemprofile\.m2\repository\org\apache\xmlgraphics\batik-util\1.13\batik-util-1.13.jar;C:\Windows\system32\config\systemprofile\.m2\repository\org\apache\xmlgraphics\batik-ttf2svg\1.13\batik-ttf2svg-1.13.jar;C:\Windows\system32\config\systemprofile\.m2\repository\org\apache\xmlgraphics\batik-xml\1.13\batik-xml-1.13.jar;C:\Windows\system32\config\systemprofile\.m2\repository\de\rototor\pdfbox\graphics2d\0.30\graphics2d-0.30.jar;C:\Windows\system32\config\systemprofile\.m2\repository\org\apache\pdfbox\pdfbox\2.0.22\pdfbox-2.0.22.jar;C:\Windows\system32\config\systemprofile\.m2\repository\org\apache\pdfbox\fontbox\2.0.22\fontbox-2.0.22.jar;"/>
    <property name="java.vm.vendor" value="Oracle Corporation"/>
    <property name="sun.arch.data.model" value="64"/>
    <property name="user.variant" value=""/>
    <property name="java.vendor.url" value="https://openjdk.java.net/"/>
    <property name="user.timezone" value="Asia/Calcutta"/>
    <property name="suiteXmlFile" value="testng.xml"/>
    <property name="java.vm.specification.version" value="11"/>
    <property name="os.name" value="Windows 10"/>
    <property name="sun.java.launcher" value="SUN_STANDARD"/>
    <property name="user.country" value="US"/>
    <property name="sun.boot.library.path" value="C:\Program Files\Java\jdk-11\bin"/>
    <property name="sun.java.command" value="C:\Windows\Temp\surefire16921264462838664588\surefirebooter-20250531095008379_3.jar C:\Windows\Temp\surefire16921264462838664588 2025-05-31T09-50-08_045-jvmRun1 surefire-20250531095008379_1tmp surefire_0-20250531095008379_2tmp"/>
    <property name="jdk.debug" value="release"/>
    <property name="surefire.test.class.path" value="E:\batch269API\org.magnitia9.BDD5-cricbuzUIandAPIE2ETestNG-DI\target\test-classes;E:\batch269API\org.magnitia9.BDD5-cricbuzUIandAPIE2ETestNG-DI\target\classes;C:\Windows\system32\config\systemprofile\.m2\repository\org\seleniumhq\selenium\selenium-java\4.14.0\selenium-java-4.14.0.jar;C:\Windows\system32\config\systemprofile\.m2\repository\org\seleniumhq\selenium\selenium-api\4.14.0\selenium-api-4.14.0.jar;C:\Windows\system32\config\systemprofile\.m2\repository\org\seleniumhq\selenium\selenium-chrome-driver\4.14.0\selenium-chrome-driver-4.14.0.jar;C:\Windows\system32\config\systemprofile\.m2\repository\com\google\auto\service\auto-service-annotations\1.1.1\auto-service-annotations-1.1.1.jar;C:\Windows\system32\config\systemprofile\.m2\repository\com\google\guava\guava\32.1.2-jre\guava-32.1.2-jre.jar;C:\Windows\system32\config\systemprofile\.m2\repository\com\google\guava\failureaccess\1.0.1\failureaccess-1.0.1.jar;C:\Windows\system32\config\systemprofile\.m2\repository\com\google\guava\listenablefuture\9999.0-empty-to-avoid-conflict-with-guava\listenablefuture-9999.0-empty-to-avoid-conflict-with-guava.jar;C:\Windows\system32\config\systemprofile\.m2\repository\com\google\code\findbugs\jsr305\3.0.2\jsr305-3.0.2.jar;C:\Windows\system32\config\systemprofile\.m2\repository\org\checkerframework\checker-qual\3.33.0\checker-qual-3.33.0.jar;C:\Windows\system32\config\systemprofile\.m2\repository\com\google\errorprone\error_prone_annotations\2.18.0\error_prone_annotations-2.18.0.jar;C:\Windows\system32\config\systemprofile\.m2\repository\com\google\j2objc\j2objc-annotations\2.8\j2objc-annotations-2.8.jar;C:\Windows\system32\config\systemprofile\.m2\repository\org\seleniumhq\selenium\selenium-chromium-driver\4.14.0\selenium-chromium-driver-4.14.0.jar;C:\Windows\system32\config\systemprofile\.m2\repository\org\seleniumhq\selenium\selenium-json\4.14.0\selenium-json-4.14.0.jar;C:\Windows\system32\config\systemprofile\.m2\repository\org\seleniumhq\selenium\selenium-manager\4.14.0\selenium-manager-4.14.0.jar;C:\Windows\system32\config\systemprofile\.m2\repository\org\seleniumhq\selenium\selenium-devtools-v116\4.14.0\selenium-devtools-v116-4.14.0.jar;C:\Windows\system32\config\systemprofile\.m2\repository\org\seleniumhq\selenium\selenium-devtools-v117\4.14.0\selenium-devtools-v117-4.14.0.jar;C:\Windows\system32\config\systemprofile\.m2\repository\org\seleniumhq\selenium\selenium-devtools-v118\4.14.0\selenium-devtools-v118-4.14.0.jar;C:\Windows\system32\config\systemprofile\.m2\repository\org\seleniumhq\selenium\selenium-devtools-v85\4.14.0\selenium-devtools-v85-4.14.0.jar;C:\Windows\system32\config\systemprofile\.m2\repository\org\seleniumhq\selenium\selenium-edge-driver\4.14.0\selenium-edge-driver-4.14.0.jar;C:\Windows\system32\config\systemprofile\.m2\repository\org\seleniumhq\selenium\selenium-firefox-driver\4.14.0\selenium-firefox-driver-4.14.0.jar;C:\Windows\system32\config\systemprofile\.m2\repository\org\seleniumhq\selenium\selenium-http\4.14.0\selenium-http-4.14.0.jar;C:\Windows\system32\config\systemprofile\.m2\repository\dev\failsafe\failsafe\3.3.2\failsafe-3.3.2.jar;C:\Windows\system32\config\systemprofile\.m2\repository\org\seleniumhq\selenium\selenium-ie-driver\4.14.0\selenium-ie-driver-4.14.0.jar;C:\Windows\system32\config\systemprofile\.m2\repository\org\seleniumhq\selenium\selenium-remote-driver\4.14.0\selenium-remote-driver-4.14.0.jar;C:\Windows\system32\config\systemprofile\.m2\repository\io\opentelemetry\opentelemetry-api\1.28.0\opentelemetry-api-1.28.0.jar;C:\Windows\system32\config\systemprofile\.m2\repository\io\opentelemetry\opentelemetry-context\1.28.0\opentelemetry-context-1.28.0.jar;C:\Windows\system32\config\systemprofile\.m2\repository\io\opentelemetry\opentelemetry-exporter-logging\1.28.0\opentelemetry-exporter-logging-1.28.0.jar;C:\Windows\system32\config\systemprofile\.m2\repository\io\opentelemetry\opentelemetry-sdk-metrics\1.28.0\opentelemetry-sdk-metrics-1.28.0.jar;C:\Windows\system32\config\systemprofile\.m2\repository\io\opentelemetry\opentelemetry-extension-incubator\1.28.0-alpha\opentelemetry-extension-incubator-1.28.0-alpha.jar;C:\Windows\system32\config\systemprofile\.m2\repository\io\opentelemetry\opentelemetry-sdk-logs\1.28.0\opentelemetry-sdk-logs-1.28.0.jar;C:\Windows\system32\config\systemprofile\.m2\repository\io\opentelemetry\opentelemetry-sdk-common\1.28.0\opentelemetry-sdk-common-1.28.0.jar;C:\Windows\system32\config\systemprofile\.m2\repository\io\opentelemetry\opentelemetry-sdk-extension-autoconfigure-spi\1.28.0\opentelemetry-sdk-extension-autoconfigure-spi-1.28.0.jar;C:\Windows\system32\config\systemprofile\.m2\repository\io\opentelemetry\opentelemetry-sdk-extension-autoconfigure\1.28.0\opentelemetry-sdk-extension-autoconfigure-1.28.0.jar;C:\Windows\system32\config\systemprofile\.m2\repository\io\opentelemetry\opentelemetry-api-events\1.28.0-alpha\opentelemetry-api-events-1.28.0-alpha.jar;C:\Windows\system32\config\systemprofile\.m2\repository\io\opentelemetry\opentelemetry-sdk-trace\1.28.0\opentelemetry-sdk-trace-1.28.0.jar;C:\Windows\system32\config\systemprofile\.m2\repository\io\opentelemetry\opentelemetry-sdk\1.28.0\opentelemetry-sdk-1.28.0.jar;C:\Windows\system32\config\systemprofile\.m2\repository\io\opentelemetry\opentelemetry-semconv\1.28.0-alpha\opentelemetry-semconv-1.28.0-alpha.jar;C:\Windows\system32\config\systemprofile\.m2\repository\net\bytebuddy\byte-buddy\1.14.5\byte-buddy-1.14.5.jar;C:\Windows\system32\config\systemprofile\.m2\repository\org\seleniumhq\selenium\selenium-os\4.14.0\selenium-os-4.14.0.jar;C:\Windows\system32\config\systemprofile\.m2\repository\org\apache\commons\commons-exec\1.3\commons-exec-1.3.jar;C:\Windows\system32\config\systemprofile\.m2\repository\org\seleniumhq\selenium\selenium-safari-driver\4.14.0\selenium-safari-driver-4.14.0.jar;C:\Windows\system32\config\systemprofile\.m2\repository\org\seleniumhq\selenium\selenium-support\4.14.0\selenium-support-4.14.0.jar;C:\Windows\system32\config\systemprofile\.m2\repository\ru\yandex\qatools\ashot\ashot\1.5.4\ashot-1.5.4.jar;C:\Windows\system32\config\systemprofile\.m2\repository\commons-io\commons-io\2.5\commons-io-2.5.jar;C:\Windows\system32\config\systemprofile\.m2\repository\com\google\code\gson\gson\2.6.2\gson-2.6.2.jar;C:\Windows\system32\config\systemprofile\.m2\repository\org\hamcrest\hamcrest-core\1.3\hamcrest-core-1.3.jar;C:\Windows\system32\config\systemprofile\.m2\repository\io\rest-assured\rest-assured\5.4.0\rest-assured-5.4.0.jar;C:\Windows\system32\config\systemprofile\.m2\repository\org\apache\groovy\groovy\4.0.16\groovy-4.0.16.jar;C:\Windows\system32\config\systemprofile\.m2\repository\org\apache\groovy\groovy-xml\4.0.16\groovy-xml-4.0.16.jar;C:\Windows\system32\config\systemprofile\.m2\repository\org\apache\httpcomponents\httpclient\4.5.13\httpclient-4.5.13.jar;C:\Windows\system32\config\systemprofile\.m2\repository\org\apache\httpcomponents\httpcore\4.4.13\httpcore-4.4.13.jar;C:\Windows\system32\config\systemprofile\.m2\repository\commons-codec\commons-codec\1.11\commons-codec-1.11.jar;C:\Windows\system32\config\systemprofile\.m2\repository\org\apache\httpcomponents\httpmime\4.5.13\httpmime-4.5.13.jar;C:\Windows\system32\config\systemprofile\.m2\repository\org\hamcrest\hamcrest\2.2\hamcrest-2.2.jar;C:\Windows\system32\config\systemprofile\.m2\repository\org\ccil\cowan\tagsoup\tagsoup\1.2.1\tagsoup-1.2.1.jar;C:\Windows\system32\config\systemprofile\.m2\repository\io\rest-assured\json-path\5.4.0\json-path-5.4.0.jar;C:\Windows\system32\config\systemprofile\.m2\repository\org\apache\groovy\groovy-json\4.0.16\groovy-json-4.0.16.jar;C:\Windows\system32\config\systemprofile\.m2\repository\io\rest-assured\rest-assured-common\5.4.0\rest-assured-common-5.4.0.jar;C:\Windows\system32\config\systemprofile\.m2\repository\io\rest-assured\xml-path\5.4.0\xml-path-5.4.0.jar;C:\Windows\system32\config\systemprofile\.m2\repository\org\apache\commons\commons-lang3\3.11\commons-lang3-3.11.jar;C:\Windows\system32\config\systemprofile\.m2\repository\com\fasterxml\jackson\core\jackson-databind\2.15.0\jackson-databind-2.15.0.jar;C:\Windows\system32\config\systemprofile\.m2\repository\com\fasterxml\jackson\core\jackson-annotations\2.15.0\jackson-annotations-2.15.0.jar;C:\Windows\system32\config\systemprofile\.m2\repository\com\fasterxml\jackson\core\jackson-core\2.15.0\jackson-core-2.15.0.jar;C:\Windows\system32\config\systemprofile\.m2\repository\org\testng\testng\7.8.0\testng-7.8.0.jar;C:\Windows\system32\config\systemprofile\.m2\repository\org\slf4j\slf4j-api\1.7.36\slf4j-api-1.7.36.jar;C:\Windows\system32\config\systemprofile\.m2\repository\com\beust\jcommander\1.82\jcommander-1.82.jar;C:\Windows\system32\config\systemprofile\.m2\repository\org\webjars\jquery\3.6.1\jquery-3.6.1.jar;C:\Windows\system32\config\systemprofile\.m2\repository\io\cucumber\cucumber-java\7.17.0\cucumber-java-7.17.0.jar;C:\Windows\system32\config\systemprofile\.m2\repository\io\cucumber\cucumber-core\7.17.0\cucumber-core-7.17.0.jar;C:\Windows\system32\config\systemprofile\.m2\repository\io\cucumber\cucumber-gherkin\7.17.0\cucumber-gherkin-7.17.0.jar;C:\Windows\system32\config\systemprofile\.m2\repository\io\cucumber\cucumber-gherkin-messages\7.17.0\cucumber-gherkin-messages-7.17.0.jar;C:\Windows\system32\config\systemprofile\.m2\repository\io\cucumber\gherkin\28.0.0\gherkin-28.0.0.jar;C:\Windows\system32\config\systemprofile\.m2\repository\io\cucumber\messages\24.1.0\messages-24.1.0.jar;C:\Windows\system32\config\systemprofile\.m2\repository\io\cucumber\testng-xml-formatter\0.1.0\testng-xml-formatter-0.1.0.jar;C:\Windows\system32\config\systemprofile\.m2\repository\io\cucumber\query\12.2.0\query-12.2.0.jar;C:\Windows\system32\config\systemprofile\.m2\repository\io\cucumber\tag-expressions\6.1.0\tag-expressions-6.1.0.jar;C:\Windows\system32\config\systemprofile\.m2\repository\io\cucumber\cucumber-expressions\17.1.0\cucumber-expressions-17.1.0.jar;C:\Windows\system32\config\systemprofile\.m2\repository\io\cucumber\datatable\7.17.0\datatable-7.17.0.jar;C:\Windows\system32\config\systemprofile\.m2\repository\io\cucumber\cucumber-plugin\7.17.0\cucumber-plugin-7.17.0.jar;C:\Windows\system32\config\systemprofile\.m2\repository\io\cucumber\docstring\7.17.0\docstring-7.17.0.jar;C:\Windows\system32\config\systemprofile\.m2\repository\io\cucumber\html-formatter\21.3.1\html-formatter-21.3.1.jar;C:\Windows\system32\config\systemprofile\.m2\repository\io\cucumber\junit-xml-formatter\0.4.0\junit-xml-formatter-0.4.0.jar;C:\Windows\system32\config\systemprofile\.m2\repository\io\cucumber\ci-environment\10.0.1\ci-environment-10.0.1.jar;C:\Windows\system32\config\systemprofile\.m2\repository\org\apiguardian\apiguardian-api\1.1.2\apiguardian-api-1.1.2.jar;C:\Windows\system32\config\systemprofile\.m2\repository\io\cucumber\cucumber-testng\7.17.0\cucumber-testng-7.17.0.jar;C:\Windows\system32\config\systemprofile\.m2\repository\io\cucumber\cucumber-picocontainer\7.17.0\cucumber-picocontainer-7.17.0.jar;C:\Windows\system32\config\systemprofile\.m2\repository\org\picocontainer\picocontainer\2.15\picocontainer-2.15.jar;C:\Windows\system32\config\systemprofile\.m2\repository\commons-configuration\commons-configuration\1.10\commons-configuration-1.10.jar;C:\Windows\system32\config\systemprofile\.m2\repository\commons-lang\commons-lang\2.6\commons-lang-2.6.jar;C:\Windows\system32\config\systemprofile\.m2\repository\commons-logging\commons-logging\1.1.1\commons-logging-1.1.1.jar;C:\Windows\system32\config\systemprofile\.m2\repository\org\apache\poi\poi-ooxml\5.0.0\poi-ooxml-5.0.0.jar;C:\Windows\system32\config\systemprofile\.m2\repository\org\apache\poi\poi\5.0.0\poi-5.0.0.jar;C:\Windows\system32\config\systemprofile\.m2\repository\org\slf4j\jcl-over-slf4j\1.7.30\jcl-over-slf4j-1.7.30.jar;C:\Windows\system32\config\systemprofile\.m2\repository\org\apache\commons\commons-collections4\4.4\commons-collections4-4.4.jar;C:\Windows\system32\config\systemprofile\.m2\repository\org\apache\commons\commons-math3\3.6.1\commons-math3-3.6.1.jar;C:\Windows\system32\config\systemprofile\.m2\repository\com\zaxxer\SparseBitSet\1.2\SparseBitSet-1.2.jar;C:\Windows\system32\config\systemprofile\.m2\repository\org\apache\poi\poi-ooxml-lite\5.0.0\poi-ooxml-lite-5.0.0.jar;C:\Windows\system32\config\systemprofile\.m2\repository\org\apache\xmlbeans\xmlbeans\4.0.0\xmlbeans-4.0.0.jar;C:\Windows\system32\config\systemprofile\.m2\repository\org\apache\commons\commons-compress\1.20\commons-compress-1.20.jar;C:\Windows\system32\config\systemprofile\.m2\repository\com\github\virtuald\curvesapi\1.06\curvesapi-1.06.jar;C:\Windows\system32\config\systemprofile\.m2\repository\org\bouncycastle\bcpkix-jdk15on\1.68\bcpkix-jdk15on-1.68.jar;C:\Windows\system32\config\systemprofile\.m2\repository\org\bouncycastle\bcprov-jdk15on\1.68\bcprov-jdk15on-1.68.jar;C:\Windows\system32\config\systemprofile\.m2\repository\org\apache\santuario\xmlsec\2.2.1\xmlsec-2.2.1.jar;C:\Windows\system32\config\systemprofile\.m2\repository\com\fasterxml\woodstox\woodstox-core\5.2.1\woodstox-core-5.2.1.jar;C:\Windows\system32\config\systemprofile\.m2\repository\org\codehaus\woodstox\stax2-api\4.2\stax2-api-4.2.jar;C:\Windows\system32\config\systemprofile\.m2\repository\jakarta\xml\bind\jakarta.xml.bind-api\2.3.2\jakarta.xml.bind-api-2.3.2.jar;C:\Windows\system32\config\systemprofile\.m2\repository\jakarta\activation\jakarta.activation-api\1.2.1\jakarta.activation-api-1.2.1.jar;C:\Windows\system32\config\systemprofile\.m2\repository\org\apache\xmlgraphics\batik-all\1.13\batik-all-1.13.jar;C:\Windows\system32\config\systemprofile\.m2\repository\org\apache\xmlgraphics\batik-anim\1.13\batik-anim-1.13.jar;C:\Windows\system32\config\systemprofile\.m2\repository\org\apache\xmlgraphics\batik-shared-resources\1.13\batik-shared-resources-1.13.jar;C:\Windows\system32\config\systemprofile\.m2\repository\xml-apis\xml-apis-ext\1.3.04\xml-apis-ext-1.3.04.jar;C:\Windows\system32\config\systemprofile\.m2\repository\org\apache\xmlgraphics\batik-awt-util\1.13\batik-awt-util-1.13.jar;C:\Windows\system32\config\systemprofile\.m2\repository\org\apache\xmlgraphics\xmlgraphics-commons\2.4\xmlgraphics-commons-2.4.jar;C:\Windows\system32\config\systemprofile\.m2\repository\org\apache\xmlgraphics\batik-bridge\1.13\batik-bridge-1.13.jar;C:\Windows\system32\config\systemprofile\.m2\repository\org\apache\xmlgraphics\batik-codec\1.13\batik-codec-1.13.jar;C:\Windows\system32\config\systemprofile\.m2\repository\org\apache\xmlgraphics\batik-constants\1.13\batik-constants-1.13.jar;C:\Windows\system32\config\systemprofile\.m2\repository\org\apache\xmlgraphics\batik-css\1.13\batik-css-1.13.jar;C:\Windows\system32\config\systemprofile\.m2\repository\org\apache\xmlgraphics\batik-dom\1.13\batik-dom-1.13.jar;C:\Windows\system32\config\systemprofile\.m2\repository\xalan\xalan\2.7.2\xalan-2.7.2.jar;C:\Windows\system32\config\systemprofile\.m2\repository\xalan\serializer\2.7.2\serializer-2.7.2.jar;C:\Windows\system32\config\systemprofile\.m2\repository\xml-apis\xml-apis\1.4.01\xml-apis-1.4.01.jar;C:\Windows\system32\config\systemprofile\.m2\repository\org\apache\xmlgraphics\batik-ext\1.13\batik-ext-1.13.jar;C:\Windows\system32\config\systemprofile\.m2\repository\org\apache\xmlgraphics\batik-extension\1.13\batik-extension-1.13.jar;C:\Windows\system32\config\systemprofile\.m2\repository\org\apache\xmlgraphics\batik-gui-util\1.13\batik-gui-util-1.13.jar;C:\Windows\system32\config\systemprofile\.m2\repository\org\apache\xmlgraphics\batik-gvt\1.13\batik-gvt-1.13.jar;C:\Windows\system32\config\systemprofile\.m2\repository\org\apache\xmlgraphics\batik-i18n\1.13\batik-i18n-1.13.jar;C:\Windows\system32\config\systemprofile\.m2\repository\org\apache\xmlgraphics\batik-parser\1.13\batik-parser-1.13.jar;C:\Windows\system32\config\systemprofile\.m2\repository\org\apache\xmlgraphics\batik-rasterizer-ext\1.13\batik-rasterizer-ext-1.13.jar;C:\Windows\system32\config\systemprofile\.m2\repository\org\apache\xmlgraphics\batik-rasterizer\1.13\batik-rasterizer-1.13.jar;C:\Windows\system32\config\systemprofile\.m2\repository\org\apache\xmlgraphics\batik-script\1.13\batik-script-1.13.jar;C:\Windows\system32\config\systemprofile\.m2\repository\org\apache\xmlgraphics\batik-slideshow\1.13\batik-slideshow-1.13.jar;C:\Windows\system32\config\systemprofile\.m2\repository\org\apache\xmlgraphics\batik-squiggle-ext\1.13\batik-squiggle-ext-1.13.jar;C:\Windows\system32\config\systemprofile\.m2\repository\org\apache\xmlgraphics\batik-squiggle\1.13\batik-squiggle-1.13.jar;C:\Windows\system32\config\systemprofile\.m2\repository\org\apache\xmlgraphics\batik-svg-dom\1.13\batik-svg-dom-1.13.jar;C:\Windows\system32\config\systemprofile\.m2\repository\org\apache\xmlgraphics\batik-svgbrowser\1.13\batik-svgbrowser-1.13.jar;C:\Windows\system32\config\systemprofile\.m2\repository\org\apache\xmlgraphics\batik-svggen\1.13\batik-svggen-1.13.jar;C:\Windows\system32\config\systemprofile\.m2\repository\org\apache\xmlgraphics\batik-svgpp\1.13\batik-svgpp-1.13.jar;C:\Windows\system32\config\systemprofile\.m2\repository\org\apache\xmlgraphics\batik-svgrasterizer\1.13\batik-svgrasterizer-1.13.jar;C:\Windows\system32\config\systemprofile\.m2\repository\org\apache\xmlgraphics\batik-swing\1.13\batik-swing-1.13.jar;C:\Windows\system32\config\systemprofile\.m2\repository\org\apache\xmlgraphics\batik-transcoder\1.13\batik-transcoder-1.13.jar;C:\Windows\system32\config\systemprofile\.m2\repository\org\apache\xmlgraphics\batik-util\1.13\batik-util-1.13.jar;C:\Windows\system32\config\systemprofile\.m2\repository\org\apache\xmlgraphics\batik-ttf2svg\1.13\batik-ttf2svg-1.13.jar;C:\Windows\system32\config\systemprofile\.m2\repository\org\apache\xmlgraphics\batik-xml\1.13\batik-xml-1.13.jar;C:\Windows\system32\config\systemprofile\.m2\repository\de\rototor\pdfbox\graphics2d\0.30\graphics2d-0.30.jar;C:\Windows\system32\config\systemprofile\.m2\repository\org\apache\pdfbox\pdfbox\2.0.22\pdfbox-2.0.22.jar;C:\Windows\system32\config\systemprofile\.m2\repository\org\apache\pdfbox\fontbox\2.0.22\fontbox-2.0.22.jar;"/>
    <property name="sun.cpu.endian" value="little"/>
    <property name="user.home" value="C:\Windows\system32\config\systemprofile"/>
    <property name="user.language" value="en"/>
    <property name="java.specification.vendor" value="Oracle Corporation"/>
    <property name="java.version.date" value="2023-04-18"/>
    <property name="java.home" value="C:\Program Files\Java\jdk-11"/>
    <property name="file.separator" value="\"/>
    <property name="basedir" value="E:\batch269API\org.magnitia9.BDD5-cricbuzUIandAPIE2ETestNG-DI"/>
    <property name="java.vm.compressedOopsMode" value="Zero based"/>
    <property name="line.separator" value="&#10;"/>
    <property name="java.specification.name" value="Java Platform API Specification"/>
    <property name="java.vm.specification.vendor" value="Oracle Corporation"/>
    <property name="java.awt.graphicsenv" value="sun.awt.Win32GraphicsEnvironment"/>
    <property name="surefire.real.class.path" value="C:\Windows\Temp\surefire16921264462838664588\surefirebooter-20250531095008379_3.jar"/>
    <property name="user.script" value=""/>
    <property name="sun.management.compiler" value="HotSpot 64-Bit Tiered Compilers"/>
    <property name="java.runtime.version" value="11.0.19+9-LTS-224"/>
    <property name="user.name" value="DESKTOP-RAPIJ62$"/>
    <property name="path.separator" value=";"/>
    <property name="os.version" value="10.0"/>
    <property name="java.runtime.name" value="Java(TM) SE Runtime Environment"/>
    <property name="file.encoding" value="Cp1252"/>
    <property name="java.vm.name" value="Java HotSpot(TM) 64-Bit Server VM"/>
    <property name="java.vendor.version" value="18.9"/>
    <property name="localRepository" value="C:\Windows\system32\config\systemprofile\.m2\repository"/>
    <property name="java.vendor.url.bug" value="https://bugreport.java.com/bugreport/"/>
    <property name="java.io.tmpdir" value="C:\Windows\TEMP\"/>
    <property name="java.version" value="11.0.19"/>
    <property name="user.dir" value="E:\batch269API\org.magnitia9.BDD5-cricbuzUIandAPIE2ETestNG-DI"/>
    <property name="os.arch" value="amd64"/>
    <property name="java.vm.specification.name" value="Java Virtual Machine Specification"/>
    <property name="java.awt.printerjob" value="sun.awt.windows.WPrinterJob"/>
    <property name="sun.os.patch.level" value=""/>
    <property name="java.library.path" value="C:\Program Files\Java\jdk-11\bin;C:\Windows\Sun\Java\bin;C:\Windows\system32;C:\Windows;E:\batch265-266\apache-maven-3.9.6/bin;C:\Program Files\Java\jdk-11/bin;C:\Program Files\Java\jdk-11/bin;C:\Program Files\Common Files\Oracle\Java\javapath;C:\Windows\system32;C:\Windows;C:\Windows\System32\Wbem;C:\Windows\System32\WindowsPowerShell\v1.0\;C:\Windows\System32\OpenSSH\;C:\Program Files\dotnet\;C:\Program Files\nodejs\;E:\batch268\apache-maven-3.9.9\bin;C:\Program Files\Git\cmd;C:\Users\Hp\AppData\Roaming\npm\newman;C:\Users\Hp\AppData\Local\Programs\Python\Python311;C:\Program Files\Java\jdk-23\bin;C:\Windows\system32\config\systemprofile\AppData\Local\Microsoft\WindowsApps;."/>
    <property name="java.vendor" value="Oracle Corporation"/>
    <property name="java.vm.info" value="mixed mode"/>
    <property name="java.vm.version" value="11.0.19+9-LTS-224"/>
    <property name="sun.io.unicode.encoding" value="UnicodeLittle"/>
    <property name="java.class.version" value="55.0"/>
  </properties>
  <testcase name="runScenario[&quot;Total runs value testing in Data-driven approach&quot;, &quot;cricbuzz E2E test for given test data in sentences&quot;](1)" classname="tests.Runner6ForFeature2" time="10.455">
    <system-out><![CDATA[
Scenario: Total value testing using data table concept                                          &amp#27;[90m# src/test/resources/features/feature3.feature:3&amp#27;[0m

@smoke
Scenario Outline: Total runs value testing in Data-driven approach                                  &amp#27;[90m# src/test/resources/features/feature2.feature:17&amp#27;[0m

@smoke
Scenario: Title testing                                                                     &amp#27;[90m# src/test/resources/features/feature1.feature:4&amp#27;[0m

    Scenario:1-Total value testing using data table concept is started


    Scenario:1-Total runs value testing in Data-driven approach is started


    Scenario:1-Title testing is started


    Tags are:


    Tags are:


    Scenario:1-Total runs value testing in Data-driven approach is started with tag:@smoke


    Scenario:1-Title testing is started with tag:@smoke

  &amp#27;[32mGiven &amp#27;[0m&amp#27;[32mI open browser&amp#27;[0m                                                                          &amp#27;[90m# gluecode.StepDef1.i_open_browser()&amp#27;[0m
  &amp#27;[32mGiven &amp#27;[0m&amp#27;[32mI open browser&amp#27;[0m                                                                      &amp#27;[90m# gluecode.StepDef1.i_open_browser()&amp#27;[0m
  &amp#27;[32mGiven &amp#27;[0m&amp#27;[32mI open browser&amp#27;[0m                                                                              &amp#27;[90m# gluecode.StepDef1.i_open_browser()&amp#27;[0m
248
  &amp#27;[32mWhen &amp#27;[0m&amp#27;[32mI launch cricbuz site for &amp#27;[0m&amp#27;[32m&amp#27;[1m100312&amp#27;[0m&amp#27;[32m and &amp#27;[0m&amp#27;[32m&amp#27;[1m"ind-vs-eng-1st-odi-england-tour-of-india-2025"&amp#27;[0m         &amp#27;[90m# gluecode.StepDef1.i_launch_cricbuz_site_for_and(long,java.lang.String)&amp#27;[0m
  &amp#27;[32mAnd &amp#27;[0m&amp#27;[32mI connect to cricbuzz API with &amp#27;[0m&amp#27;[32m&amp#27;[1m100312&amp#27;[0m&amp#27;[32m matchid&amp#27;[0m                                                 &amp#27;[90m# gluecode.StepDef2.i_connect_to_cricbuzz_api_with_matchid(long)&amp#27;[0m
248
  &amp#27;[32mWhen &amp#27;[0m&amp#27;[32mI launch cricbuz site for &amp#27;[0m&amp#27;[32m&amp#27;[1m100312&amp#27;[0m&amp#27;[32m and &amp#27;[0m&amp#27;[32m&amp#27;[1m"ind-vs-eng-1st-odi-england-tour-of-india-2025"&amp#27;[0m &amp#27;[90m# gluecode.StepDef1.i_launch_cricbuz_site_for_and(long,java.lang.String)&amp#27;[0m

    Test case failed


    Embedding Screenshot of wrong title [image/png 212882 bytes]

248
Test case passed
  &amp#27;[32mThen &amp#27;[0m&amp#27;[32mI compare the total of &amp#27;[0m&amp#27;[32m&amp#27;[1m1&amp#27;[0m&amp#27;[32m innings in the response body and in the scorecard page for equality&amp#27;[0m &amp#27;[90m# gluecode.StepDef2.i_compare_the_total_for_equality(int)&amp#27;[0m
248
Test case passed
  &amp#27;[32mAnd &amp#27;[0m&amp#27;[32mI close browser&amp#27;[0m                                                                               &amp#27;[90m# gluecode.StepDef2.i_close_browser()&amp#27;[0m

    Total runs value testing in Data-driven approach is completed with status:PASSED

]]></system-out>
    <system-err><![CDATA[SLF4J: Failed to load class "org.slf4j.impl.StaticLoggerBinder".
SLF4J: Defaulting to no-operation (NOP) logger implementation
SLF4J: See http://www.slf4j.org/codes.html#StaticLoggerBinder for further details.
May 31, 2025 9:50:13 AM org.openqa.selenium.devtools.CdpVersionFinder findNearestMatch
WARNING: Unable to find CDP implementation matching 136
May 31, 2025 9:50:13 AM org.openqa.selenium.devtools.CdpVersionFinder findNearestMatch
WARNING: Unable to find CDP implementation matching 136
May 31, 2025 9:50:13 AM org.openqa.selenium.chromium.ChromiumDriver lambda$new$5
WARNING: Unable to find version of CDP to use for 136.0.7103.114. You may need to include a dependency on a specific version of the CDP using something similar to `org.seleniumhq.selenium:selenium-devtools-v86:4.14.0` where the version ("v86") matches the version of the chromium-based browser you're using and the version number of the artifact is the same as Selenium's.
May 31, 2025 9:50:13 AM org.openqa.selenium.chromium.ChromiumDriver lambda$new$5
WARNING: Unable to find version of CDP to use for 136.0.7103.114. You may need to include a dependency on a specific version of the CDP using something similar to `org.seleniumhq.selenium:selenium-devtools-v86:4.14.0` where the version ("v86") matches the version of the chromium-based browser you're using and the version number of the artifact is the same as Selenium's.
May 31, 2025 9:50:13 AM org.openqa.selenium.devtools.CdpVersionFinder findNearestMatch
WARNING: Unable to find CDP implementation matching 136
May 31, 2025 9:50:13 AM org.openqa.selenium.chromium.ChromiumDriver lambda$new$5
WARNING: Unable to find version of CDP to use for 136.0.7103.114. You may need to include a dependency on a specific version of the CDP using something similar to `org.seleniumhq.selenium:selenium-devtools-v86:4.14.0` where the version ("v86") matches the version of the chromium-based browser you're using and the version number of the artifact is the same as Selenium's.
]]></system-err>
  </testcase>
  <testcase name="runScenario[&quot;Total runs value testing in Data-driven approach&quot;, &quot;cricbuzz E2E test for given test data in sentences&quot;](2)" classname="tests.Runner6ForFeature2" time="2.051">
    <system-out><![CDATA[
@smoke
Scenario: Total runs value testing, here test data in sentences as int and string types             &amp#27;[90m# src/test/resources/features/feature1.feature:10&amp#27;[0m

    Scenario:4-Total runs value testing, here test data in sentences as int and string types is started


    Tags are:


    Scenario:4-Total runs value testing, here test data in sentences as int and string types is started with tag:@smoke

  &amp#27;[32mGiven &amp#27;[0m&amp#27;[32mI open browser&amp#27;[0m                                                                              &amp#27;[90m# gluecode.StepDef1.i_open_browser()&amp#27;[0m
  &amp#27;[32mWhen &amp#27;[0m&amp#27;[32mI launch cricbuz site for &amp#27;[0m&amp#27;[32m&amp#27;[1m112479&amp#27;[0m&amp#27;[32m and &amp#27;[0m&amp#27;[32m&amp#27;[1m"zim-vs-ire-1st-odi-ireland-tour-of-zimbabwe-2025"&amp#27;[0m      &amp#27;[90m# gluecode.StepDef1.i_launch_cricbuz_site_for_and(long,java.lang.String)&amp#27;[0m
  &amp#27;[32mAnd &amp#27;[0m&amp#27;[32mI connect to cricbuzz API with &amp#27;[0m&amp#27;[32m&amp#27;[1m112479&amp#27;[0m&amp#27;[32m matchid&amp#27;[0m                                                 &amp#27;[90m# gluecode.StepDef2.i_connect_to_cricbuzz_api_with_matchid(long)&amp#27;[0m
250
250
Test case passed
  &amp#27;[32mThen &amp#27;[0m&amp#27;[32mI compare the total of &amp#27;[0m&amp#27;[32m&amp#27;[1m2&amp#27;[0m&amp#27;[32m innings in the response body and in the scorecard page for equality&amp#27;[0m &amp#27;[90m# gluecode.StepDef2.i_compare_the_total_for_equality(int)&amp#27;[0m
  &amp#27;[32mAnd &amp#27;[0m&amp#27;[32mI close browser&amp#27;[0m                                                                               &amp#27;[90m# gluecode.StepDef2.i_close_browser()&amp#27;[0m

    Total runs value testing in Data-driven approach is completed with status:PASSED

]]></system-out>
    <system-err><![CDATA[May 31, 2025 9:50:27 AM org.openqa.selenium.devtools.CdpVersionFinder findNearestMatch
WARNING: Unable to find CDP implementation matching 136
May 31, 2025 9:50:27 AM org.openqa.selenium.chromium.ChromiumDriver lambda$new$5
WARNING: Unable to find version of CDP to use for 136.0.7103.114. You may need to include a dependency on a specific version of the CDP using something similar to `org.seleniumhq.selenium:selenium-devtools-v86:4.14.0` where the version ("v86") matches the version of the chromium-based browser you're using and the version number of the artifact is the same as Selenium's.
]]></system-err>
  </testcase>
  <testcase name="runScenario[&quot;Total runs value testing in Data-driven approach&quot;, &quot;cricbuzz E2E test for given test data in sentences&quot;](3)" classname="tests.Runner6ForFeature2" time="4.016">
    <system-out><![CDATA[
Scenario Outline: Total value testing with cross browser using data table and examples concept &amp#27;[90m# src/test/resources/features/feature3.feature:33&amp#27;[0m

    Scenario:7-Total value testing with cross browser using data table and examples concept is started

  &amp#27;[32mGiven &amp#27;[0m&amp#27;[32mI open browser&amp#27;[0m                                                                            &amp#27;[90m# gluecode.StepDef1.i_open_browser()&amp#27;[0m
  &amp#27;[32mWhen &amp#27;[0m&amp#27;[32mI launch cricbuz site for &amp#27;[0m&amp#27;[32m&amp#27;[1m91805&amp#27;[0m&amp#27;[32m and &amp#27;[0m&amp#27;[32m&amp#27;[1m"aus-vs-ind-4th-test-india-tour-of-australia-2024-25"&amp#27;[0m    &amp#27;[90m# gluecode.StepDef1.i_launch_cricbuz_site_for_and(long,java.lang.String)&amp#27;[0m
  &amp#27;[32mAnd &amp#27;[0m&amp#27;[32mI connect to cricbuzz API with &amp#27;[0m&amp#27;[32m&amp#27;[1m91805&amp#27;[0m&amp#27;[32m matchid&amp#27;[0m                                                  &amp#27;[90m# gluecode.StepDef2.i_connect_to_cricbuzz_api_with_matchid(long)&amp#27;[0m
155
155
Test case passed
  &amp#27;[32mThen &amp#27;[0m&amp#27;[32mI compare the total of &amp#27;[0m&amp#27;[32m&amp#27;[1m4&amp#27;[0m&amp#27;[32m innings in the response body and in the scorecard page for equality&amp#27;[0m &amp#27;[90m# gluecode.StepDef2.i_compare_the_total_for_equality(int)&amp#27;[0m
  &amp#27;[32mAnd &amp#27;[0m&amp#27;[32mI close browser&amp#27;[0m                                                                               &amp#27;[90m# gluecode.StepDef2.i_close_browser()&amp#27;[0m

    Total runs value testing in Data-driven approach is completed with status:PASSED

]]></system-out>
    <system-err><![CDATA[May 31, 2025 9:50:35 AM org.openqa.selenium.devtools.CdpVersionFinder findNearestMatch
WARNING: Unable to find CDP implementation matching 136
May 31, 2025 9:50:35 AM org.openqa.selenium.chromium.ChromiumDriver lambda$new$5
WARNING: Unable to find version of CDP to use for 136.0.7103.114. You may need to include a dependency on a specific version of the CDP using something similar to `org.seleniumhq.selenium:selenium-devtools-v86:4.14.0` where the version ("v86") matches the version of the chromium-based browser you're using and the version number of the artifact is the same as Selenium's.
]]></system-err>
  </testcase>
  <testcase name="runScenario[&quot;Runs value testing in Data-driven approach&quot;, &quot;cricbuzz E2E test for given test data in sentences&quot;](4)" classname="tests.Runner6ForFeature2" time="4.97">
    <system-out><![CDATA[
@smoke
Scenario: Specific player Runs value testing using test data as Docstring in sentences      &amp#27;[90m# src/test/resources/features/feature1.feature:34&amp#27;[0m

    Scenario:9-Specific player Runs value testing using test data as Docstring in sentences is started


    Tags are:


    Scenario:9-Specific player Runs value testing using test data as Docstring in sentences is started with tag:@smoke

  &amp#27;[32mGiven &amp#27;[0m&amp#27;[32mI open browser&amp#27;[0m                                                                      &amp#27;[90m# gluecode.StepDef1.i_open_browser()&amp#27;[0m
  &amp#27;[32mWhen &amp#27;[0m&amp#27;[32mI launch cricbuz site for &amp#27;[0m&amp#27;[32m&amp#27;[1m100312&amp#27;[0m&amp#27;[32m and &amp#27;[0m&amp#27;[32m&amp#27;[1m"ind-vs-eng-1st-odi-england-tour-of-india-2025"&amp#27;[0m &amp#27;[90m# gluecode.StepDef1.i_launch_cricbuz_site_for_and(long,java.lang.String)&amp#27;[0m
Runs in UI is 87
  &amp#27;[32mAnd &amp#27;[0m&amp#27;[32mget runs done by &amp#27;[0m&amp#27;[32m&amp#27;[1m"Shubman Gill"&amp#27;[0m&amp#27;[32m in &amp#27;[0m&amp#27;[32m&amp#27;[1m2&amp#27;[0m&amp#27;[32m innings from scorecard page&amp#27;[0m                      &amp#27;[90m# gluecode.StepDef2.get_runs_done_by_in_innings_from_scorecard_page(java.lang.String,int)&amp#27;[0m
  &amp#27;[32mAnd &amp#27;[0m&amp#27;[32mI connect to cricbuzz API with &amp#27;[0m&amp#27;[32m&amp#27;[1m100312&amp#27;[0m&amp#27;[32m matchid&amp#27;[0m                                         &amp#27;[90m# gluecode.StepDef2.i_connect_to_cricbuzz_api_with_matchid(long)&amp#27;[0m
Runs in API is 87
  &amp#27;[32mAnd &amp#27;[0m&amp#27;[32mget runs done by &amp#27;[0m&amp#27;[32m&amp#27;[1m"Shubman Gill"&amp#27;[0m&amp#27;[32m in &amp#27;[0m&amp#27;[32m&amp#27;[1m2&amp#27;[0m&amp#27;[32m innings from JSON response body&amp#27;[0m                  &amp#27;[90m# gluecode.StepDef3.get_runs_done_by_in_innings_from_json_response_body(java.lang.String,int)&amp#27;[0m
Test case passed
  &amp#27;[32mThen &amp#27;[0m&amp#27;[32mI compare the runs in the response body and in the scorecard page for equality&amp#27;[0m       &amp#27;[90m# gluecode.StepDef3.i_compare_the_runs_for_equality()&amp#27;[0m
  &amp#27;[32mAnd &amp#27;[0m&amp#27;[32mI close browser&amp#27;[0m                                                                       &amp#27;[90m# gluecode.StepDef2.i_close_browser()&amp#27;[0m

    Runs value testing in Data-driven approach is completed with status:PASSED

]]></system-out>
    <system-err><![CDATA[May 31, 2025 9:50:42 AM org.openqa.selenium.devtools.CdpVersionFinder findNearestMatch
WARNING: Unable to find CDP implementation matching 136
May 31, 2025 9:50:42 AM org.openqa.selenium.chromium.ChromiumDriver lambda$new$5
WARNING: Unable to find version of CDP to use for 136.0.7103.114. You may need to include a dependency on a specific version of the CDP using something similar to `org.seleniumhq.selenium:selenium-devtools-v86:4.14.0` where the version ("v86") matches the version of the chromium-based browser you're using and the version number of the artifact is the same as Selenium's.
]]></system-err>
  </testcase>
  <testcase name="runScenario[&quot;Runs value testing in Data-driven approach&quot;, &quot;cricbuzz E2E test for given test data in sentences&quot;](5)" classname="tests.Runner6ForFeature2" time="6.135">
    <system-out><![CDATA[  &amp#27;[32mWhen &amp#27;[0m&amp#27;[32mI launch cricbuz site for &amp#27;[0m&amp#27;[32m&amp#27;[1m112479&amp#27;[0m&amp#27;[32m and &amp#27;[0m&amp#27;[32m&amp#27;[1m"zim-vs-ire-1st-odi-ireland-tour-of-zimbabwe-2025"&amp#27;[0m &amp#27;[90m# gluecode.StepDef1.i_launch_cricbuz_site_for_and(long,java.lang.String)&amp#27;[0m
Runs in UI is 169
  &amp#27;[32mAnd &amp#27;[0m&amp#27;[32mget runs done by &amp#27;[0m&amp#27;[32m&amp#27;[1m"Brian Bennett"&amp#27;[0m&amp#27;[32m in &amp#27;[0m&amp#27;[32m&amp#27;[1m1&amp#27;[0m&amp#27;[32m innings from scorecard page&amp#27;[0m                        &amp#27;[90m# gluecode.StepDef2.get_runs_done_by_in_innings_from_scorecard_page(java.lang.String,int)&amp#27;[0m
  &amp#27;[32mAnd &amp#27;[0m&amp#27;[32mI connect to cricbuzz API with &amp#27;[0m&amp#27;[32m&amp#27;[1m112479&amp#27;[0m&amp#27;[32m matchid&amp#27;[0m                                            &amp#27;[90m# gluecode.StepDef2.i_connect_to_cricbuzz_api_with_matchid(long)&amp#27;[0m
Runs in API is 169
  &amp#27;[32mAnd &amp#27;[0m&amp#27;[32mget runs done by &amp#27;[0m&amp#27;[32m&amp#27;[1m"Brian Bennett"&amp#27;[0m&amp#27;[32m in &amp#27;[0m&amp#27;[32m&amp#27;[1m1&amp#27;[0m&amp#27;[32m innings from JSON response body&amp#27;[0m                    &amp#27;[90m# gluecode.StepDef3.get_runs_done_by_in_innings_from_json_response_body(java.lang.String,int)&amp#27;[0m
Test case passed
  &amp#27;[32mThen &amp#27;[0m&amp#27;[32mI compare the runs in the response body and in the scorecard page for equality&amp#27;[0m          &amp#27;[90m# gluecode.StepDef3.i_compare_the_runs_for_equality()&amp#27;[0m
  &amp#27;[32mAnd &amp#27;[0m&amp#27;[32mI close browser&amp#27;[0m                                                                          &amp#27;[90m# gluecode.StepDef2.i_close_browser()&amp#27;[0m

    Runs value testing in Data-driven approach is completed with status:PASSED

]]></system-out>
  </testcase>
  <testcase name="runScenario[&quot;Runs value testing in Data-driven approach&quot;, &quot;cricbuzz E2E test for given test data in sentences&quot;](6)" classname="tests.Runner6ForFeature2" time="1.033">
    <system-out><![CDATA[
Scenario Outline: Total value testing with cross browser using data table and examples concept &amp#27;[90m# src/test/resources/features/feature3.feature:34&amp#27;[0m

    Scenario:13-Total value testing with cross browser using data table and examples concept is started

  &amp#27;[32mWhen &amp#27;[0m&amp#27;[32mI launch cricbuz site for &amp#27;[0m&amp#27;[32m&amp#27;[1m91805&amp#27;[0m&amp#27;[32m and &amp#27;[0m&amp#27;[32m&amp#27;[1m"aus-vs-ind-4th-test-india-tour-of-australia-2024-25"&amp#27;[0m &amp#27;[90m# gluecode.StepDef1.i_launch_cricbuz_site_for_and(long,java.lang.String)&amp#27;[0m
Runs in UI is 5
  &amp#27;[32mAnd &amp#27;[0m&amp#27;[32mget runs done by &amp#27;[0m&amp#27;[32m&amp#27;[1m"Virat Kohli"&amp#27;[0m&amp#27;[32m in &amp#27;[0m&amp#27;[32m&amp#27;[1m4&amp#27;[0m&amp#27;[32m innings from scorecard page&amp#27;[0m                            &amp#27;[90m# gluecode.StepDef2.get_runs_done_by_in_innings_from_scorecard_page(java.lang.String,int)&amp#27;[0m
  &amp#27;[32mAnd &amp#27;[0m&amp#27;[32mI connect to cricbuzz API with &amp#27;[0m&amp#27;[32m&amp#27;[1m91805&amp#27;[0m&amp#27;[32m matchid&amp#27;[0m                                               &amp#27;[90m# gluecode.StepDef2.i_connect_to_cricbuzz_api_with_matchid(long)&amp#27;[0m
Runs in API is 5
  &amp#27;[32mAnd &amp#27;[0m&amp#27;[32mget runs done by &amp#27;[0m&amp#27;[32m&amp#27;[1m"Virat Kohli"&amp#27;[0m&amp#27;[32m in &amp#27;[0m&amp#27;[32m&amp#27;[1m4&amp#27;[0m&amp#27;[32m innings from JSON response body&amp#27;[0m                        &amp#27;[90m# gluecode.StepDef3.get_runs_done_by_in_innings_from_json_response_body(java.lang.String,int)&amp#27;[0m
Test case passed
  &amp#27;[32mThen &amp#27;[0m&amp#27;[32mI compare the runs in the response body and in the scorecard page for equality&amp#27;[0m            &amp#27;[90m# gluecode.StepDef3.i_compare_the_runs_for_equality()&amp#27;[0m
  &amp#27;[32mAnd &amp#27;[0m&amp#27;[32mI close browser&amp#27;[0m                                                                            &amp#27;[90m# gluecode.StepDef2.i_close_browser()&amp#27;[0m

    Runs value testing in Data-driven approach is completed with status:PASSED

]]></system-out>
  </testcase>
  <testcase name="runScenario[&quot;Total value testing using data table concept&quot;, &quot;cricbuz E2E test for given test data in sentences&quot;](1)" classname="tests.Runner6ForFeature3" time="3.647">
    <system-out><![CDATA[
@smoke
Scenario Outline: Total runs value testing in Data-driven approach                                  &amp#27;[90m# src/test/resources/features/feature2.feature:18&amp#27;[0m

    Scenario:2-Total runs value testing in Data-driven approach is started


    Tags are:


    Scenario:2-Total runs value testing in Data-driven approach is started with tag:@smoke

250
  &amp#27;[32mGiven &amp#27;[0m&amp#27;[32mI open browser&amp#27;[0m                                                                              &amp#27;[90m# gluecode.StepDef1.i_open_browser()&amp#27;[0m
250
Test case passed
155
155
Test case passed
  &amp#27;[32mWhen &amp#27;[0m&amp#27;[32mI launch cricbuz site and check equality of total runs with corresponding API given runs&amp#27;[0m &amp#27;[90m# gluecode.StepDef3.i_launch_cricbuz_site_and_connect_to_corresponding_api(io.cucumber.datatable.DataTable)&amp#27;[0m
    | 100312 | ind-vs-eng-1st-odi-england-tour-of-india-2025       | 1 |
    | 112479 | zim-vs-ire-1st-odi-ireland-tour-of-zimbabwe-2025    | 2 |
    | 91805  | aus-vs-ind-4th-test-india-tour-of-australia-2024-25 | 4 |
  &amp#27;[32mAnd &amp#27;[0m&amp#27;[32mI close browser&amp#27;[0m                                                                           &amp#27;[90m# gluecode.StepDef2.i_close_browser()&amp#27;[0m

    Total value testing using data table concept is completed with status:PASSED

]]></system-out>
    <system-err><![CDATA[May 31, 2025 9:50:22 AM org.openqa.selenium.devtools.CdpVersionFinder findNearestMatch
WARNING: Unable to find CDP implementation matching 136
May 31, 2025 9:50:22 AM org.openqa.selenium.chromium.ChromiumDriver lambda$new$5
WARNING: Unable to find version of CDP to use for 136.0.7103.114. You may need to include a dependency on a specific version of the CDP using something similar to `org.seleniumhq.selenium:selenium-devtools-v86:4.14.0` where the version ("v86") matches the version of the chromium-based browser you're using and the version number of the artifact is the same as Selenium's.
]]></system-err>
  </testcase>
  <testcase name="runScenario[&quot;Total value testing with cross browser using data table and examples concept&quot;, &quot;cricbuz E2E test for given test data in sentences&quot;](2)" classname="tests.Runner6ForFeature3" time="0.282">
    <system-out><![CDATA[
@smoke
Scenario: Specific player Runs value testing, here test data in sentences as int and string types &amp#27;[90m# src/test/resources/features/feature1.feature:21&amp#27;[0m

    Scenario:6-Specific player Runs value testing, here test data in sentences as int and string types is started


    Tags are:


    Scenario:6-Specific player Runs value testing, here test data in sentences as int and string types is started with tag:@smoke

  &amp#27;[32mAnd &amp#27;[0m&amp#27;[32mI close browser&amp#27;[0m                                                                          &amp#27;[90m# gluecode.StepDef2.i_close_browser()&amp#27;[0m

    Total value testing with cross browser using data table and examples concept is completed with status:PASSED

]]></system-out>
  </testcase>
  <testcase name="runScenario[&quot;Total value testing with cross browser using data table and examples concept&quot;, &quot;cricbuz E2E test for given test data in sentences&quot;](3)" classname="tests.Runner6ForFeature3" time="4.894">
    <failure message="Invalid innings number" type="java.lang.RuntimeException"><![CDATA[java.lang.RuntimeException: Invalid innings number
	at gluecode.StepDef3.i_launch_cricbuz_site_and_connect_to_corresponding_api2(StepDef3.java:209)
	at .I launch cricbuz site and connect to corresponding API to check equality of total runs(file:///E:/batch269API/org.magnitia9.BDD5-cricbuzUIandAPIE2ETestNG-DI/src/test/resources/features/feature3.feature:18)
]]></failure>
    <system-out><![CDATA[
Scenario Outline: Runs value testing in Data-driven approach                                     &amp#27;[90m# src/test/resources/features/feature2.feature:38&amp#27;[0m

    Scenario:12-Runs value testing in Data-driven approach is started

  &amp#27;[32mGiven &amp#27;[0m&amp#27;[32mI open browser&amp#27;[0m                                                                           &amp#27;[90m# gluecode.StepDef1.i_open_browser()&amp#27;[0m
248
248
Test case passed
250
250
Test case passed
  &amp#27;[31mWhen &amp#27;[0m&amp#27;[31mI launch cricbuz site and connect to corresponding API to check equality of total runs&amp#27;[0m  &amp#27;[90m# gluecode.StepDef3.i_launch_cricbuz_site_and_connect_to_corresponding_api2(io.cucumber.datatable.DataTable)&amp#27;[0m
    | matchid | matchdetails                                        | innings_number |
    | 100312  | ind-vs-eng-1st-odi-england-tour-of-india-2025       | 1              |
    | 112479  | zim-vs-ire-1st-odi-ireland-tour-of-zimbabwe-2025    | 2              |
    | 91805   | aus-vs-ind-4th-test-india-tour-of-australia-2024-25 | 4              |
      &amp#27;[31mjava.lang.RuntimeException: Invalid innings number
	at gluecode.StepDef3.i_launch_cricbuz_site_and_connect_to_corresponding_api2(StepDef3.java:209)
	at .I launch cricbuz site and connect to corresponding API to check equality of total runs(file:///E:/batch269API/org.magnitia9.BDD5-cricbuzUIandAPIE2ETestNG-DI/src/test/resources/features/feature3.feature:18)
&amp#27;[0m
  &amp#27;[36mAnd &amp#27;[0m&amp#27;[36mI close browser&amp#27;[0m                                                                          &amp#27;[90m# gluecode.StepDef2.i_close_browser()&amp#27;[0m

    Total value testing with cross browser using data table and examples concept is completed with status:FAILED

]]></system-out>
    <system-err><![CDATA[May 31, 2025 9:50:53 AM org.openqa.selenium.devtools.CdpVersionFinder findNearestMatch
WARNING: Unable to find CDP implementation matching 136
May 31, 2025 9:50:53 AM org.openqa.selenium.chromium.ChromiumDriver lambda$new$5
WARNING: Unable to find version of CDP to use for 136.0.7103.114. You may need to include a dependency on a specific version of the CDP using something similar to `org.seleniumhq.selenium:selenium-devtools-v86:4.14.0` where the version ("v86") matches the version of the chromium-based browser you're using and the version number of the artifact is the same as Selenium's.
]]></system-err>
  </testcase>
  <testcase name="runScenario[&quot;Total value testing with cross browser using data table and examples concept&quot;, &quot;cricbuz E2E test for given test data in sentences&quot;](4)" classname="tests.Runner6ForFeature3" time="3.144">
    <failure message="Could not start a new session. Response code 500. Message: session not created: Microsoft Edge failed to start: crashed.&#10;  (session not created: DevToolsActivePort file doesn&apos;t exist)&#10;  (The process started from msedge location C:\Program Files (x86)\Microsoft\Edge\Application\msedge.exe is no longer running, so msedgedriver is assuming that msedge has crashed.) &#10;Host info: host: &apos;DESKTOP-RAPIJ62&apos;, ip: &apos;192.168.29.73&apos;&#10;Build info: version: &apos;4.14.0&apos;, revision: &apos;e5a96349ce&apos;&#10;System info: os.name: &apos;Windows 10&apos;, os.arch: &apos;amd64&apos;, os.version: &apos;10.0&apos;, java.version: &apos;11.0.19&apos;&#10;Driver info: org.openqa.selenium.edge.EdgeDriver&#10;Command: [null, newSession {capabilities=[Capabilities {browserName: MicrosoftEdge, ms:edgeOptions: {args: [], binary: C:\Program Files (x86)\Micr..., extensions: []}}]}]" type="org.openqa.selenium.SessionNotCreatedException"><![CDATA[org.openqa.selenium.SessionNotCreatedException: 
Could not start a new session. Response code 500. Message: session not created: Microsoft Edge failed to start: crashed.
  (session not created: DevToolsActivePort file doesn't exist)
  (The process started from msedge location C:\Program Files (x86)\Microsoft\Edge\Application\msedge.exe is no longer running, so msedgedriver is assuming that msedge has crashed.) 
Host info: host: 'DESKTOP-RAPIJ62', ip: '192.168.29.73'
Build info: version: '4.14.0', revision: 'e5a96349ce'
System info: os.name: 'Windows 10', os.arch: 'amd64', os.version: '10.0', java.version: '11.0.19'
Driver info: org.openqa.selenium.edge.EdgeDriver
Command: [null, newSession {capabilities=[Capabilities {browserName: MicrosoftEdge, ms:edgeOptions: {args: [], binary: C:\Program Files (x86)\Micr..., extensions: []}}]}]
	at org.openqa.selenium.remote.ProtocolHandshake.createSession(ProtocolHandshake.java:140)
	at org.openqa.selenium.remote.ProtocolHandshake.createSession(ProtocolHandshake.java:96)
	at org.openqa.selenium.remote.ProtocolHandshake.createSession(ProtocolHandshake.java:68)
	at org.openqa.selenium.remote.HttpCommandExecutor.execute(HttpCommandExecutor.java:163)
	at org.openqa.selenium.remote.service.DriverCommandExecutor.invokeExecute(DriverCommandExecutor.java:196)
	at org.openqa.selenium.remote.service.DriverCommandExecutor.execute(DriverCommandExecutor.java:171)
	at org.openqa.selenium.remote.RemoteWebDriver.execute(RemoteWebDriver.java:602)
	at org.openqa.selenium.remote.RemoteWebDriver.startSession(RemoteWebDriver.java:236)
	at org.openqa.selenium.remote.RemoteWebDriver.<init>(RemoteWebDriver.java:163)
	at org.openqa.selenium.chromium.ChromiumDriver.<init>(ChromiumDriver.java:108)
	at org.openqa.selenium.edge.EdgeDriver.<init>(EdgeDriver.java:60)
	at org.openqa.selenium.edge.EdgeDriver.<init>(EdgeDriver.java:56)
	at org.openqa.selenium.edge.EdgeDriver.<init>(EdgeDriver.java:48)
	at org.openqa.selenium.edge.EdgeDriver.<init>(EdgeDriver.java:44)
	at utilities.WebSiteUtility.openBrowser(WebSiteUtility.java:46)
	at gluecode.StepDef4.i_open_browser(StepDef4.java:36)
	at .I open "edge" browser(file:///E:/batch269API/org.magnitia9.BDD5-cricbuzUIandAPIE2ETestNG-DI/src/test/resources/features/feature3.feature:16)
]]></failure>
    <system-out><![CDATA[  &amp#27;[31mGiven &amp#27;[0m&amp#27;[31mI open &amp#27;[0m&amp#27;[31m&amp#27;[1m"edge"&amp#27;[0m&amp#27;[31m browser&amp#27;[0m                                                                  &amp#27;[90m# gluecode.StepDef4.i_open_browser(java.lang.String)&amp#27;[0m
      &amp#27;[31morg.openqa.selenium.SessionNotCreatedException: Could not start a new session. Response code 500. Message: session not created: Microsoft Edge failed to start: crashed.
  (session not created: DevToolsActivePort file doesn't exist)
  (The process started from msedge location C:\Program Files (x86)\Microsoft\Edge\Application\msedge.exe is no longer running, so msedgedriver is assuming that msedge has crashed.) 
Host info: host: 'DESKTOP-RAPIJ62', ip: '192.168.29.73'
Build info: version: '4.14.0', revision: 'e5a96349ce'
System info: os.name: 'Windows 10', os.arch: 'amd64', os.version: '10.0', java.version: '11.0.19'
Driver info: org.openqa.selenium.edge.EdgeDriver
Command: [null, newSession {capabilities=[Capabilities {browserName: MicrosoftEdge, ms:edgeOptions: {args: [], binary: C:\Program Files (x86)\Micr..., extensions: []}}]}]
	at org.openqa.selenium.remote.ProtocolHandshake.createSession(ProtocolHandshake.java:140)
	at org.openqa.selenium.remote.ProtocolHandshake.createSession(ProtocolHandshake.java:96)
	at org.openqa.selenium.remote.ProtocolHandshake.createSession(ProtocolHandshake.java:68)
	at org.openqa.selenium.remote.HttpCommandExecutor.execute(HttpCommandExecutor.java:163)
	at org.openqa.selenium.remote.service.DriverCommandExecutor.invokeExecute(DriverCommandExecutor.java:196)
	at org.openqa.selenium.remote.service.DriverCommandExecutor.execute(DriverCommandExecutor.java:171)
	at org.openqa.selenium.remote.RemoteWebDriver.execute(RemoteWebDriver.java:602)
	at org.openqa.selenium.remote.RemoteWebDriver.startSession(RemoteWebDriver.java:236)
	at org.openqa.selenium.remote.RemoteWebDriver.<init>(RemoteWebDriver.java:163)
	at org.openqa.selenium.chromium.ChromiumDriver.<init>(ChromiumDriver.java:108)
	at org.openqa.selenium.edge.EdgeDriver.<init>(EdgeDriver.java:60)
	at org.openqa.selenium.edge.EdgeDriver.<init>(EdgeDriver.java:56)
	at org.openqa.selenium.edge.EdgeDriver.<init>(EdgeDriver.java:48)
	at org.openqa.selenium.edge.EdgeDriver.<init>(EdgeDriver.java:44)
	at utilities.WebSiteUtility.openBrowser(WebSiteUtility.java:46)
	at gluecode.StepDef4.i_open_browser(StepDef4.java:36)
	at .I open "edge" browser(file:///E:/batch269API/org.magnitia9.BDD5-cricbuzUIandAPIE2ETestNG-DI/src/test/resources/features/feature3.feature:16)
&amp#27;[0m
  &amp#27;[36mWhen &amp#27;[0m&amp#27;[36mI launch cricbuz site and connect to corresponding API to check equality of total runs&amp#27;[0m  &amp#27;[90m# gluecode.StepDef3.i_launch_cricbuz_site_and_connect_to_corresponding_api2(io.cucumber.datatable.DataTable)&amp#27;[0m
    | matchid | matchdetails                                        | innings_number |
    | 100312  | ind-vs-eng-1st-odi-england-tour-of-india-2025       | 1              |
    | 112479  | zim-vs-ire-1st-odi-ireland-tour-of-zimbabwe-2025    | 2              |
    | 91805   | aus-vs-ind-4th-test-india-tour-of-australia-2024-25 | 4              |
  &amp#27;[36mAnd &amp#27;[0m&amp#27;[36mI close browser&amp#27;[0m                                                                          &amp#27;[90m# gluecode.StepDef2.i_close_browser()&amp#27;[0m

    Total value testing with cross browser using data table and examples concept is completed with status:FAILED

]]></system-out>
  </testcase>
  <testcase name="runScenario[&quot;Title testing&quot;, &quot;cricbuz E2E test for given test data in sentences&quot;](1)" classname="tests.Runner6ForFeature1" time="1.852">
    <failure message="null" type="java.lang.AssertionError"><![CDATA[java.lang.AssertionError: null
	at org.testng.Assert.fail(Assert.java:111)
	at org.testng.Assert.fail(Assert.java:116)
	at gluecode.StepDef1.i_should_see_in_the_title_of_scorecard_page(StepDef1.java:75)
	at .I should see "India vs Pakistan" in the title of scorecard page(file:///E:/batch269API/org.magnitia9.BDD5-cricbuzUIandAPIE2ETestNG-DI/src/test/resources/features/feature1.feature:8)
]]></failure>
    <system-out><![CDATA[
@smoke
Scenario Outline: Total value testing with cross browser using data table and examples concept &amp#27;[90m# src/test/resources/features/feature3.feature:29&amp#27;[0m

    Scenario:3-Total value testing with cross browser using data table and examples concept is started


    Tags are:


    Scenario:3-Total value testing with cross browser using data table and examples concept is started with tag:@smoke

  &amp#27;[32mGiven &amp#27;[0m&amp#27;[32mI open &amp#27;[0m&amp#27;[32m&amp#27;[1m"chrome"&amp#27;[0m&amp#27;[32m browser&amp#27;[0m                                                                &amp#27;[90m# gluecode.StepDef4.i_open_browser(java.lang.String)&amp#27;[0m
  &amp#27;[31mThen &amp#27;[0m&amp#27;[31mI should see &amp#27;[0m&amp#27;[31m&amp#27;[1m"India vs Pakistan"&amp#27;[0m&amp#27;[31m in the title of scorecard page&amp#27;[0m                      &amp#27;[90m# gluecode.StepDef1.i_should_see_in_the_title_of_scorecard_page(java.lang.String)&amp#27;[0m
      &amp#27;[31mjava.lang.AssertionError: null
	at org.testng.Assert.fail(Assert.java:111)
	at org.testng.Assert.fail(Assert.java:116)
	at gluecode.StepDef1.i_should_see_in_the_title_of_scorecard_page(StepDef1.java:75)
	at .I should see "India vs Pakistan" in the title of scorecard page(file:///E:/batch269API/org.magnitia9.BDD5-cricbuzUIandAPIE2ETestNG-DI/src/test/resources/features/feature1.feature:8)
&amp#27;[0m
  &amp#27;[36mAnd &amp#27;[0m&amp#27;[36mI close browser&amp#27;[0m                                                                       &amp#27;[90m# gluecode.StepDef2.i_close_browser()&amp#27;[0m

    Title testing is completed with status:FAILED

]]></system-out>
    <system-err><![CDATA[May 31, 2025 9:50:26 AM org.openqa.selenium.devtools.CdpVersionFinder findNearestMatch
WARNING: Unable to find CDP implementation matching 136
May 31, 2025 9:50:26 AM org.openqa.selenium.chromium.ChromiumDriver lambda$new$5
WARNING: Unable to find version of CDP to use for 136.0.7103.114. You may need to include a dependency on a specific version of the CDP using something similar to `org.seleniumhq.selenium:selenium-devtools-v86:4.14.0` where the version ("v86") matches the version of the chromium-based browser you're using and the version number of the artifact is the same as Selenium's.
]]></system-err>
  </testcase>
  <testcase name="runScenario[&quot;Total runs value testing, here test data in sentences as int and string types&quot;, &quot;cricbuz E2E test for given test data in sentences&quot;](2)" classname="tests.Runner6ForFeature1" time="4.95">
    <system-out><![CDATA[
@smoke
Scenario Outline: Total runs value testing in Data-driven approach                                  &amp#27;[90m# src/test/resources/features/feature2.feature:19&amp#27;[0m

    Scenario:5-Total runs value testing in Data-driven approach is started


    Tags are:


    Scenario:5-Total runs value testing in Data-driven approach is started with tag:@smoke

  &amp#27;[32mGiven &amp#27;[0m&amp#27;[32mI open browser&amp#27;[0m                                                                              &amp#27;[90m# gluecode.StepDef1.i_open_browser()&amp#27;[0m
248
248
Test case passed
250
250
Test case passed
  &amp#27;[32mWhen &amp#27;[0m&amp#27;[32mI launch cricbuz site for &amp#27;[0m&amp#27;[32m&amp#27;[1m100312&amp#27;[0m&amp#27;[32m and &amp#27;[0m&amp#27;[32m&amp#27;[1m"ind-vs-eng-1st-odi-england-tour-of-india-2025"&amp#27;[0m         &amp#27;[90m# gluecode.StepDef1.i_launch_cricbuz_site_for_and(long,java.lang.String)&amp#27;[0m
155
  &amp#27;[32mAnd &amp#27;[0m&amp#27;[32mI connect to cricbuzz API with &amp#27;[0m&amp#27;[32m&amp#27;[1m100312&amp#27;[0m&amp#27;[32m matchid&amp#27;[0m                                                 &amp#27;[90m# gluecode.StepDef2.i_connect_to_cricbuzz_api_with_matchid(long)&amp#27;[0m
248
248
Test case passed
  &amp#27;[32mThen &amp#27;[0m&amp#27;[32mI compare the total of &amp#27;[0m&amp#27;[32m&amp#27;[1m1&amp#27;[0m&amp#27;[32m innings in the response body and in the scorecard page for equality&amp#27;[0m &amp#27;[90m# gluecode.StepDef2.i_compare_the_total_for_equality(int)&amp#27;[0m
155
Test case passed
  &amp#27;[32mWhen &amp#27;[0m&amp#27;[32mI launch cricbuz site and connect to corresponding API to check equality of total runs&amp#27;[0m  &amp#27;[90m# gluecode.StepDef3.i_launch_cricbuz_site_and_connect_to_corresponding_api2(io.cucumber.datatable.DataTable)&amp#27;[0m
    | matchid | matchdetails                                        | innings_number |
    | 100312  | ind-vs-eng-1st-odi-england-tour-of-india-2025       | 1              |
    | 112479  | zim-vs-ire-1st-odi-ireland-tour-of-zimbabwe-2025    | 2              |
    | 91805   | aus-vs-ind-4th-test-india-tour-of-australia-2024-25 | 4              |
  &amp#27;[32mAnd &amp#27;[0m&amp#27;[32mI close browser&amp#27;[0m                                                                               &amp#27;[90m# gluecode.StepDef2.i_close_browser()&amp#27;[0m

    Total runs value testing, here test data in sentences as int and string types is completed with status:PASSED

]]></system-out>
    <system-err><![CDATA[May 31, 2025 9:50:29 AM org.openqa.selenium.devtools.CdpVersionFinder findNearestMatch
WARNING: Unable to find CDP implementation matching 136
May 31, 2025 9:50:29 AM org.openqa.selenium.chromium.ChromiumDriver lambda$new$5
WARNING: Unable to find version of CDP to use for 136.0.7103.114. You may need to include a dependency on a specific version of the CDP using something similar to `org.seleniumhq.selenium:selenium-devtools-v86:4.14.0` where the version ("v86") matches the version of the chromium-based browser you're using and the version number of the artifact is the same as Selenium's.
]]></system-err>
  </testcase>
  <testcase name="runScenario[&quot;Specific player Runs value testing, here test data in sentences as int and string types&quot;, &quot;cricbuz E2E test for given test data in sentences&quot;](3)" classname="tests.Runner6ForFeature1" time="2.879">
    <system-out><![CDATA[
Scenario Outline: Runs value testing in Data-driven approach                                &amp#27;[90m# src/test/resources/features/feature2.feature:36&amp#27;[0m

    Scenario:8-Runs value testing in Data-driven approach is started

  &amp#27;[32mGiven &amp#27;[0m&amp#27;[32mI open browser&amp#27;[0m                                                                      &amp#27;[90m# gluecode.StepDef1.i_open_browser()&amp#27;[0m
  &amp#27;[32mWhen &amp#27;[0m&amp#27;[32mI launch cricbuz site for &amp#27;[0m&amp#27;[32m&amp#27;[1m100312&amp#27;[0m&amp#27;[32m and &amp#27;[0m&amp#27;[32m&amp#27;[1m"ind-vs-eng-1st-odi-england-tour-of-india-2025"&amp#27;[0m       &amp#27;[90m# gluecode.StepDef1.i_launch_cricbuz_site_for_and(long,java.lang.String)&amp#27;[0m
Runs in UI is 87
  &amp#27;[32mAnd &amp#27;[0m&amp#27;[32mget runs done by &amp#27;[0m&amp#27;[32m&amp#27;[1m"Shubman Gill"&amp#27;[0m&amp#27;[32m in &amp#27;[0m&amp#27;[32m&amp#27;[1m2&amp#27;[0m&amp#27;[32m innings from scorecard page&amp#27;[0m                            &amp#27;[90m# gluecode.StepDef2.get_runs_done_by_in_innings_from_scorecard_page(java.lang.String,int)&amp#27;[0m
  &amp#27;[32mAnd &amp#27;[0m&amp#27;[32mI connect to cricbuzz API with &amp#27;[0m&amp#27;[32m&amp#27;[1m100312&amp#27;[0m&amp#27;[32m matchid&amp#27;[0m                                               &amp#27;[90m# gluecode.StepDef2.i_connect_to_cricbuzz_api_with_matchid(long)&amp#27;[0m
Runs in API is 87
  &amp#27;[32mAnd &amp#27;[0m&amp#27;[32mget runs done by &amp#27;[0m&amp#27;[32m&amp#27;[1m"Shubman Gill"&amp#27;[0m&amp#27;[32m in &amp#27;[0m&amp#27;[32m&amp#27;[1m2&amp#27;[0m&amp#27;[32m innings from JSON response body&amp#27;[0m                        &amp#27;[90m# gluecode.StepDef3.get_runs_done_by_in_innings_from_json_response_body(java.lang.String,int)&amp#27;[0m
Test case passed
  &amp#27;[32mThen &amp#27;[0m&amp#27;[32mI compare the runs in the response body and in the scorecard page for equality&amp#27;[0m             &amp#27;[90m# gluecode.StepDef3.i_compare_the_runs_for_equality()&amp#27;[0m
  &amp#27;[32mAnd &amp#27;[0m&amp#27;[32mI close browser&amp#27;[0m                                                                             &amp#27;[90m# gluecode.StepDef2.i_close_browser()&amp#27;[0m

    Specific player Runs value testing, here test data in sentences as int and string types is completed with status:PASSED

]]></system-out>
    <system-err><![CDATA[May 31, 2025 9:50:39 AM org.openqa.selenium.devtools.CdpVersionFinder findNearestMatch
WARNING: Unable to find CDP implementation matching 136
May 31, 2025 9:50:39 AM org.openqa.selenium.chromium.ChromiumDriver lambda$new$5
WARNING: Unable to find version of CDP to use for 136.0.7103.114. You may need to include a dependency on a specific version of the CDP using something similar to `org.seleniumhq.selenium:selenium-devtools-v86:4.14.0` where the version ("v86") matches the version of the chromium-based browser you're using and the version number of the artifact is the same as Selenium's.
]]></system-err>
  </testcase>
  <testcase name="runScenario[&quot;Specific player Runs value testing using test data as Docstring in sentences&quot;, &quot;cricbuz E2E test for given test data in sentences&quot;](4)" classname="tests.Runner6ForFeature1" time="3.201">
    <system-out><![CDATA[
Scenario Outline: Runs value testing in Data-driven approach                                   &amp#27;[90m# src/test/resources/features/feature2.feature:37&amp#27;[0m

    Scenario:10-Runs value testing in Data-driven approach is started

  &amp#27;[32mGiven &amp#27;[0m&amp#27;[32mI open &amp#27;[0m&amp#27;[32m&amp#27;[1m"firefox"&amp#27;[0m&amp#27;[32m browser&amp#27;[0m                                                               &amp#27;[90m# gluecode.StepDef4.i_open_browser(java.lang.String)&amp#27;[0m
  &amp#27;[32mGiven &amp#27;[0m&amp#27;[32mI open browser&amp#27;[0m                                                                         &amp#27;[90m# gluecode.StepDef1.i_open_browser()&amp#27;[0m
  &amp#27;[32mWhen &amp#27;[0m&amp#27;[32mI launch cricbuz site for &amp#27;[0m&amp#27;[32m&amp#27;[1m100312&amp#27;[0m&amp#27;[32m and &amp#27;[0m&amp#27;[32m&amp#27;[1m"ind-vs-eng-1st-odi-england-tour-of-india-2025"&amp#27;[0m &amp#27;[90m# gluecode.StepDef1.i_launch_cricbuz_site_for_and(long,java.lang.String)&amp#27;[0m
Runs in UI is 87
  &amp#27;[32mAnd &amp#27;[0m&amp#27;[32mget runs scored from scorecard page related to&amp#27;[0m                                        &amp#27;[90m# gluecode.StepDef3.get_runs_scored_from_scorecard_page_related_to(java.lang.String)&amp#27;[0m
  &amp#27;[32mAnd &amp#27;[0m&amp#27;[32mI connect to cricbuzz API with &amp#27;[0m&amp#27;[32m&amp#27;[1m100312&amp#27;[0m&amp#27;[32m matchid&amp#27;[0m                                         &amp#27;[90m# gluecode.StepDef2.i_connect_to_cricbuzz_api_with_matchid(long)&amp#27;[0m
Runs in API is 87
  &amp#27;[32mAnd &amp#27;[0m&amp#27;[32mget runs done by &amp#27;[0m&amp#27;[32m&amp#27;[1m"Shubman Gill"&amp#27;[0m&amp#27;[32m in &amp#27;[0m&amp#27;[32m&amp#27;[1m2&amp#27;[0m&amp#27;[32m innings from JSON response body&amp#27;[0m                  &amp#27;[90m# gluecode.StepDef3.get_runs_done_by_in_innings_from_json_response_body(java.lang.String,int)&amp#27;[0m
Test case passed
  &amp#27;[32mThen &amp#27;[0m&amp#27;[32mI compare the runs in the response body and in the scorecard page for equality&amp#27;[0m       &amp#27;[90m# gluecode.StepDef3.i_compare_the_runs_for_equality()&amp#27;[0m
  &amp#27;[32mAnd &amp#27;[0m&amp#27;[32mI close browser&amp#27;[0m                                                                       &amp#27;[90m# gluecode.StepDef2.i_close_browser()&amp#27;[0m

    Specific player Runs value testing using test data as Docstring in sentences is completed with status:PASSED

]]></system-out>
    <system-err><![CDATA[May 31, 2025 9:50:47 AM org.openqa.selenium.devtools.CdpVersionFinder findNearestMatch
WARNING: Unable to find CDP implementation matching 136
May 31, 2025 9:50:47 AM org.openqa.selenium.chromium.ChromiumDriver lambda$new$5
WARNING: Unable to find version of CDP to use for 136.0.7103.114. You may need to include a dependency on a specific version of the CDP using something similar to `org.seleniumhq.selenium:selenium-devtools-v86:4.14.0` where the version ("v86") matches the version of the chromium-based browser you're using and the version number of the artifact is the same as Selenium's.
]]></system-err>
  </testcase>
</testsuite>