-------------------------------------------------------------------------------
Test set: TestSuite
-------------------------------------------------------------------------------
Tests run: 14, Failures: 3, Errors: 0, Skipped: 0, Time elapsed: 50.772 s <<< FAILURE! - in TestSuite
tests.Runner6ForFeature1.runScenario["Title testing", "cricbuz E2E test for given test data in sentences"](1)  Time elapsed: 1.852 s  <<< FAILURE!
java.lang.AssertionError: null
	at org.testng.Assert.fail(Assert.java:111)
	at org.testng.Assert.fail(Assert.java:116)
	at gluecode.StepDef1.i_should_see_in_the_title_of_scorecard_page(StepDef1.java:75)
	at ✽.I should see "India vs Pakistan" in the title of scorecard page(file:///E:/batch269API/org.magnitia9.BDD5-cricbuzUIandAPIE2ETestNG-DI/src/test/resources/features/feature1.feature:8)

tests.Runner6ForFeature3.runScenario["Total value testing with cross browser using data table and examples concept", "cricbuz E2E test for given test data in sentences"](3)  Time elapsed: 4.894 s  <<< FAILURE!
java.lang.RuntimeException: Invalid innings number
	at gluecode.StepDef3.i_launch_cricbuz_site_and_connect_to_corresponding_api2(StepDef3.java:209)
	at ✽.I launch cricbuz site and connect to corresponding API to check equality of total runs(file:///E:/batch269API/org.magnitia9.BDD5-cricbuzUIandAPIE2ETestNG-DI/src/test/resources/features/feature3.feature:18)

tests.Runner6ForFeature3.runScenario["Total value testing with cross browser using data table and examples concept", "cricbuz E2E test for given test data in sentences"](4)  Time elapsed: 3.144 s  <<< FAILURE!
org.openqa.selenium.SessionNotCreatedException: 
Could not start a new session. Response code 500. Message: session not created: Microsoft Edge failed to start: crashed.
  (session not created: DevToolsActivePort file doesn't exist)
  (The process started from msedge location C:\Program Files (x86)\Microsoft\Edge\Application\msedge.exe is no longer running, so msedgedriver is assuming that msedge has crashed.) 
Host info: host: 'DESKTOP-RAPIJ62', ip: '192.168.29.73'
Build info: version: '4.14.0', revision: 'e5a96349ce'
System info: os.name: 'Windows 10', os.arch: 'amd64', os.version: '10.0', java.version: '11.0.19'
Driver info: org.openqa.selenium.edge.EdgeDriver
Command: [null, newSession {capabilities=[Capabilities {browserName: MicrosoftEdge, ms:edgeOptions: {args: [], binary: C:\Program Files (x86)\Micr..., extensions: []}}]}]
	at org.openqa.selenium.remote.ProtocolHandshake.createSession(ProtocolHandshake.java:140)
	at org.openqa.selenium.remote.ProtocolHandshake.createSession(ProtocolHandshake.java:96)
	at org.openqa.selenium.remote.ProtocolHandshake.createSession(ProtocolHandshake.java:68)
	at org.openqa.selenium.remote.HttpCommandExecutor.execute(HttpCommandExecutor.java:163)
	at org.openqa.selenium.remote.service.DriverCommandExecutor.invokeExecute(DriverCommandExecutor.java:196)
	at org.openqa.selenium.remote.service.DriverCommandExecutor.execute(DriverCommandExecutor.java:171)
	at org.openqa.selenium.remote.RemoteWebDriver.execute(RemoteWebDriver.java:602)
	at org.openqa.selenium.remote.RemoteWebDriver.startSession(RemoteWebDriver.java:236)
	at org.openqa.selenium.remote.RemoteWebDriver.<init>(RemoteWebDriver.java:163)
	at org.openqa.selenium.chromium.ChromiumDriver.<init>(ChromiumDriver.java:108)
	at org.openqa.selenium.edge.EdgeDriver.<init>(EdgeDriver.java:60)
	at org.openqa.selenium.edge.EdgeDriver.<init>(EdgeDriver.java:56)
	at org.openqa.selenium.edge.EdgeDriver.<init>(EdgeDriver.java:48)
	at org.openqa.selenium.edge.EdgeDriver.<init>(EdgeDriver.java:44)
	at utilities.WebSiteUtility.openBrowser(WebSiteUtility.java:46)
	at gluecode.StepDef4.i_open_browser(StepDef4.java:36)
	at ✽.I open "edge" browser(file:///E:/batch269API/org.magnitia9.BDD5-cricbuzUIandAPIE2ETestNG-DI/src/test/resources/features/feature3.feature:16)

