<?xml version="1.0" encoding="UTF-8"?>
<!-- Generated by org.testng.reporters.JUnitReportReporter -->
<testsuite hostname="DESKTOP-RAPIJ62" failures="1" tests="4" name="tests.Runner6ForFeature1" time="38.304" errors="0" timestamp="2025-05-31T09:51:00 IST" skipped="0">
  <testcase classname="tests.Runner6ForFeature1" name="runScenario" time="6.999"/>
  <testcase classname="tests.Runner6ForFeature1" name="runScenario" time="15.955">
    <failure message="null" type="java.lang.AssertionError">
      <![CDATA[java.lang.AssertionError: null
at org.testng.Assert.fail(Assert.java:111)
at org.testng.Assert.fail(Assert.java:116)
at gluecode.StepDef1.i_should_see_in_the_title_of_scorecard_page(StepDef1.java:75)
at ✽.I should see "India vs Pakistan" in the title of scorecard page(file:///E:/batch269API/org.magnitia9.BDD5-cricbuzUIandAPIE2ETestNG-DI/src/test/resources/features/feature1.feature:8)
]]>
    </failure>
    <system-out>
      <![CDATA[Test case failed
Please see attached screenshot:
<a href="E:\batch269API\org.magnitia9.BDD5-cricbuzUIandAPIE2ETestNG-DI\target\31-May-2025-09-50-20-582.png"><img src="E:\batch269API\org.magnitia9.BDD5-cricbuzUIandAPIE2ETestNG-DI\target\31-May-2025-09-50-20-582.png" height="100" width="100"/></a>]]>
    </system-out>
  </testcase> <!-- runScenario -->
  <testcase classname="tests.Runner6ForFeature1" name="runScenario" time="7.178"/>
  <testcase classname="tests.Runner6ForFeature1" name="runScenario" time="8.172"/>
  <system-out>
    <![CDATA[Test case failed
Please see attached screenshot:
<a href="E:\batch269API\org.magnitia9.BDD5-cricbuzUIandAPIE2ETestNG-DI\target\31-May-2025-09-50-20-582.png"><img src="E:\batch269API\org.magnitia9.BDD5-cricbuzUIandAPIE2ETestNG-DI\target\31-May-2025-09-50-20-582.png" height="100" width="100"/></a>]]>
  </system-out>
</testsuite> <!-- tests.Runner6ForFeature1 -->
